
02-08-2022 11:28:31 [horeca.komnovalx.beget.tech][info] Parent plugin start installation!
02-08-2022 11:28:31 [horeca.komnovalx.beget.tech][info] Plugin installation: try create plugin tables.
																	-DB Version: 0
																	-Plugin Version in DB: 0
																	-Current Plugin Version: 1.5.6
02-08-2022 11:28:32 [horeca.komnovalx.beget.tech][info] Parent plugin installation complete!
-------------------------------
02-08-2022 11:28:46 [horeca.komnovalx.beget.tech][info] Try to create backup directory. Backup dir: (/home/k/komnovalx/horeca.komnovalx.beget.tech/public_html/wp-content/uploads/wio_backup)
-------------------------------
02-08-2022 11:32:38 [horeca.komnovalx.beget.tech][info] Start cron job. Scope: media-library
02-08-2022 11:32:38 [horeca.komnovalx.beget.tech][info] End cron job. Scope: media-library
-------------------------------
02-08-2022 11:43:51 [horeca.komnovalx.beget.tech][info] START auto optimize cron job. Attachment: 7
02-08-2022 11:43:51 [horeca.komnovalx.beget.tech][info] Try to create backup directory. Backup dir: (/home/k/komnovalx/horeca.komnovalx.beget.tech/public_html/wp-content/uploads/wio_backup/2022/08)
02-08-2022 11:43:51 [horeca.komnovalx.beget.tech][info] Preparing to upload a file (/home/k/komnovalx/horeca.komnovalx.beget.tech/public_html/wp-content/uploads/2022/08/HORECA-LOGO.png) to a remote server (server_1).
02-08-2022 11:43:52 [horeca.komnovalx.beget.tech][info] File successfully uploaded to remote server (server_1).
02-08-2022 11:43:52 [horeca.komnovalx.beget.tech][info] Preparing to upload a file (/home/k/komnovalx/horeca.komnovalx.beget.tech/public_html/wp-content/uploads/2022/08/HORECA-LOGO-150x22.png) to a remote server (server_1).
02-08-2022 11:43:52 [horeca.komnovalx.beget.tech][info] File successfully uploaded to remote server (server_1).
02-08-2022 11:43:52 [horeca.komnovalx.beget.tech][debug] New queue created #1, attributes values: {&quot;server_id&quot;:null,&quot;object_id&quot;:7,&quot;object_name&quot;:&quot;&quot;,&quot;item_type&quot;:&quot;attachment&quot;,&quot;item_hash&quot;:null,&quot;item_hash_alternative&quot;:null,&quot;result_status&quot;:&quot;success&quot;,&quot;processing_level&quot;:&quot;normal&quot;,&quot;is_backed_up&quot;:true,&quot;original_size&quot;:2756,&quot;final_size&quot;:2064,&quot;original_mime_type&quot;:&quot;image\/png&quot;,&quot;final_mime_type&quot;:&quot;image\/png&quot;,&quot;extra_data&quot;:&quot;{\&quot;thumbnails_count\&quot;:1,\&quot;original_main_size\&quot;:1736,\&quot;class\&quot;:\&quot;RIO_Attachment_Extra_Data\&quot;}&quot;,&quot;created_at&quot;:1659429832}
02-08-2022 11:43:52 [horeca.komnovalx.beget.tech][info] END auto optimize cron job. Attachment: 7
02-08-2022 11:43:52 [horeca.komnovalx.beget.tech][info] START auto optimize cron job. Attachment: 8
02-08-2022 11:43:52 [horeca.komnovalx.beget.tech][info] Preparing to upload a file (/home/k/komnovalx/horeca.komnovalx.beget.tech/public_html/wp-content/uploads/2022/08/cropped-HORECA-LOGO.png) to a remote server (server_1).
02-08-2022 11:43:52 [horeca.komnovalx.beget.tech][info] File successfully uploaded to remote server (server_1).
02-08-2022 11:43:52 [horeca.komnovalx.beget.tech][info] Preparing to upload a file (/home/k/komnovalx/horeca.komnovalx.beget.tech/public_html/wp-content/uploads/2022/08/cropped-HORECA-LOGO-150x22.png) to a remote server (server_1).
02-08-2022 11:43:53 [horeca.komnovalx.beget.tech][info] File successfully uploaded to remote server (server_1).
02-08-2022 11:43:53 [horeca.komnovalx.beget.tech][debug] New queue created #2, attributes values: {&quot;server_id&quot;:null,&quot;object_id&quot;:8,&quot;object_name&quot;:&quot;&quot;,&quot;item_type&quot;:&quot;attachment&quot;,&quot;item_hash&quot;:null,&quot;item_hash_alternative&quot;:null,&quot;result_status&quot;:&quot;success&quot;,&quot;processing_level&quot;:&quot;normal&quot;,&quot;is_backed_up&quot;:true,&quot;original_size&quot;:2330,&quot;final_size&quot;:2014,&quot;original_mime_type&quot;:&quot;image\/png&quot;,&quot;final_mime_type&quot;:&quot;image\/png&quot;,&quot;extra_data&quot;:&quot;{\&quot;thumbnails_count\&quot;:1,\&quot;original_main_size\&quot;:1310,\&quot;class\&quot;:\&quot;RIO_Attachment_Extra_Data\&quot;}&quot;,&quot;created_at&quot;:1659429833}
02-08-2022 11:43:53 [horeca.komnovalx.beget.tech][info] END auto optimize cron job. Attachment: 8
-------------------------------
02-08-2022 11:53:46 [horeca.komnovalx.beget.tech][info] START auto optimize cron job. Attachment: 24
02-08-2022 11:53:46 [horeca.komnovalx.beget.tech][info] Preparing to upload a file (/home/k/komnovalx/horeca.komnovalx.beget.tech/public_html/wp-content/uploads/2022/08/CAPTAIN-NEMO-HoReCa_pages-to-jpg-0001.jpg) to a remote server (server_1).
02-08-2022 11:53:51 [horeca.komnovalx.beget.tech][info] File successfully uploaded to remote server (server_1).
02-08-2022 11:53:51 [horeca.komnovalx.beget.tech][info] Preparing to upload a file (/home/k/komnovalx/horeca.komnovalx.beget.tech/public_html/wp-content/uploads/2022/08/CAPTAIN-NEMO-HoReCa_pages-to-jpg-0001-150x150.jpg) to a remote server (server_1).
02-08-2022 11:53:51 [horeca.komnovalx.beget.tech][info] File successfully uploaded to remote server (server_1).
02-08-2022 11:53:52 [horeca.komnovalx.beget.tech][info] Preparing to upload a file (/home/k/komnovalx/horeca.komnovalx.beget.tech/public_html/wp-content/uploads/2022/08/CAPTAIN-NEMO-HoReCa_pages-to-jpg-0001-300x169.jpg) to a remote server (server_1).
02-08-2022 11:53:52 [horeca.komnovalx.beget.tech][info] File successfully uploaded to remote server (server_1).
02-08-2022 11:53:52 [horeca.komnovalx.beget.tech][debug] New queue created #3, attributes values: {&quot;server_id&quot;:null,&quot;object_id&quot;:24,&quot;object_name&quot;:&quot;&quot;,&quot;item_type&quot;:&quot;attachment&quot;,&quot;item_hash&quot;:null,&quot;item_hash_alternative&quot;:null,&quot;result_status&quot;:&quot;success&quot;,&quot;processing_level&quot;:&quot;normal&quot;,&quot;is_backed_up&quot;:true,&quot;original_size&quot;:455613,&quot;final_size&quot;:455545,&quot;original_mime_type&quot;:&quot;image\/jpeg&quot;,&quot;final_mime_type&quot;:&quot;image\/jpeg&quot;,&quot;extra_data&quot;:&quot;{\&quot;thumbnails_count\&quot;:2,\&quot;original_main_size\&quot;:438558,\&quot;class\&quot;:\&quot;RIO_Attachment_Extra_Data\&quot;}&quot;,&quot;created_at&quot;:1659430432}
02-08-2022 11:53:52 [horeca.komnovalx.beget.tech][info] END auto optimize cron job. Attachment: 24
-------------------------------
02-08-2022 11:54:00 [horeca.komnovalx.beget.tech][info] START auto optimize cron job. Attachment: 24
02-08-2022 11:54:00 [horeca.komnovalx.beget.tech][info] Restored file: /home/k/komnovalx/horeca.komnovalx.beget.tech/public_html/wp-content/uploads/wio_backup/2022/08/CAPTAIN-NEMO-HoReCa_pages-to-jpg-0001.jpg.
02-08-2022 11:54:00 [horeca.komnovalx.beget.tech][info] Restored file: /home/k/komnovalx/horeca.komnovalx.beget.tech/public_html/wp-content/uploads/wio_backup/2022/08/CAPTAIN-NEMO-HoReCa_pages-to-jpg-0001-150x150.jpg.
02-08-2022 11:54:00 [horeca.komnovalx.beget.tech][info] Restored file: /home/k/komnovalx/horeca.komnovalx.beget.tech/public_html/wp-content/uploads/wio_backup/2022/08/CAPTAIN-NEMO-HoReCa_pages-to-jpg-0001-300x169.jpg.
02-08-2022 11:54:00 [horeca.komnovalx.beget.tech][debug] Deleted queue item #3
02-08-2022 11:54:00 [horeca.komnovalx.beget.tech][info] Preparing to upload a file (/home/k/komnovalx/horeca.komnovalx.beget.tech/public_html/wp-content/uploads/2022/08/CAPTAIN-NEMO-HoReCa_pages-to-jpg-0001.jpg) to a remote server (server_1).
02-08-2022 11:54:04 [horeca.komnovalx.beget.tech][info] File successfully uploaded to remote server (server_1).
02-08-2022 11:54:05 [horeca.komnovalx.beget.tech][info] Preparing to upload a file (/home/k/komnovalx/horeca.komnovalx.beget.tech/public_html/wp-content/uploads/2022/08/CAPTAIN-NEMO-HoReCa_pages-to-jpg-0001-150x150.jpg) to a remote server (server_1).
02-08-2022 11:54:05 [horeca.komnovalx.beget.tech][info] File successfully uploaded to remote server (server_1).
02-08-2022 11:54:05 [horeca.komnovalx.beget.tech][info] Preparing to upload a file (/home/k/komnovalx/horeca.komnovalx.beget.tech/public_html/wp-content/uploads/2022/08/CAPTAIN-NEMO-HoReCa_pages-to-jpg-0001-300x169.jpg) to a remote server (server_1).
02-08-2022 11:54:06 [horeca.komnovalx.beget.tech][info] File successfully uploaded to remote server (server_1).
02-08-2022 11:54:06 [horeca.komnovalx.beget.tech][debug] New queue created #4, attributes values: {&quot;server_id&quot;:null,&quot;object_id&quot;:24,&quot;object_name&quot;:&quot;&quot;,&quot;item_type&quot;:&quot;attachment&quot;,&quot;item_hash&quot;:null,&quot;item_hash_alternative&quot;:null,&quot;result_status&quot;:&quot;success&quot;,&quot;processing_level&quot;:&quot;normal&quot;,&quot;is_backed_up&quot;:true,&quot;original_size&quot;:455613,&quot;final_size&quot;:455545,&quot;original_mime_type&quot;:&quot;image\/jpeg&quot;,&quot;final_mime_type&quot;:&quot;image\/jpeg&quot;,&quot;extra_data&quot;:&quot;{\&quot;thumbnails_count\&quot;:2,\&quot;original_main_size\&quot;:438558,\&quot;class\&quot;:\&quot;RIO_Attachment_Extra_Data\&quot;}&quot;,&quot;created_at&quot;:1659430446}
02-08-2022 11:54:06 [horeca.komnovalx.beget.tech][info] END auto optimize cron job. Attachment: 24
02-08-2022 11:54:06 [horeca.komnovalx.beget.tech][info] START auto optimize cron job. Attachment: 25
02-08-2022 11:54:06 [horeca.komnovalx.beget.tech][info] Preparing to upload a file (/home/k/komnovalx/horeca.komnovalx.beget.tech/public_html/wp-content/uploads/2022/08/CAPTAIN-NEMO-HoReCa_pages-to-jpg-0002.jpg) to a remote server (server_1).
02-08-2022 11:54:07 [horeca.komnovalx.beget.tech][info] File successfully uploaded to remote server (server_1).
02-08-2022 11:54:07 [horeca.komnovalx.beget.tech][info] Preparing to upload a file (/home/k/komnovalx/horeca.komnovalx.beget.tech/public_html/wp-content/uploads/2022/08/CAPTAIN-NEMO-HoReCa_pages-to-jpg-0002-150x150.jpg) to a remote server (server_1).
02-08-2022 11:54:08 [horeca.komnovalx.beget.tech][info] File successfully uploaded to remote server (server_1).
02-08-2022 11:54:08 [horeca.komnovalx.beget.tech][info] Preparing to upload a file (/home/k/komnovalx/horeca.komnovalx.beget.tech/public_html/wp-content/uploads/2022/08/CAPTAIN-NEMO-HoReCa_pages-to-jpg-0002-300x169.jpg) to a remote server (server_1).
02-08-2022 11:54:09 [horeca.komnovalx.beget.tech][info] File successfully uploaded to remote server (server_1).
02-08-2022 11:54:09 [horeca.komnovalx.beget.tech][debug] New queue created #5, attributes values: {&quot;server_id&quot;:null,&quot;object_id&quot;:25,&quot;object_name&quot;:&quot;&quot;,&quot;item_type&quot;:&quot;attachment&quot;,&quot;item_hash&quot;:null,&quot;item_hash_alternative&quot;:null,&quot;result_status&quot;:&quot;success&quot;,&quot;processing_level&quot;:&quot;normal&quot;,&quot;is_backed_up&quot;:true,&quot;original_size&quot;:493439,&quot;final_size&quot;:493439,&quot;original_mime_type&quot;:&quot;image\/jpeg&quot;,&quot;final_mime_type&quot;:&quot;image\/jpeg&quot;,&quot;extra_data&quot;:&quot;{\&quot;thumbnails_count\&quot;:2,\&quot;original_main_size\&quot;:479837,\&quot;class\&quot;:\&quot;RIO_Attachment_Extra_Data\&quot;}&quot;,&quot;created_at&quot;:1659430449}
02-08-2022 11:54:09 [horeca.komnovalx.beget.tech][info] END auto optimize cron job. Attachment: 25
02-08-2022 11:54:09 [horeca.komnovalx.beget.tech][info] START auto optimize cron job. Attachment: 26
02-08-2022 11:54:09 [horeca.komnovalx.beget.tech][info] Preparing to upload a file (/home/k/komnovalx/horeca.komnovalx.beget.tech/public_html/wp-content/uploads/2022/08/CAPTAIN-NEMO-HoReCa_pages-to-jpg-0003.jpg) to a remote server (server_1).
02-08-2022 11:54:10 [horeca.komnovalx.beget.tech][info] File successfully uploaded to remote server (server_1).
02-08-2022 11:54:11 [horeca.komnovalx.beget.tech][info] Preparing to upload a file (/home/k/komnovalx/horeca.komnovalx.beget.tech/public_html/wp-content/uploads/2022/08/CAPTAIN-NEMO-HoReCa_pages-to-jpg-0003-150x150.jpg) to a remote server (server_1).
02-08-2022 11:54:11 [horeca.komnovalx.beget.tech][info] File successfully uploaded to remote server (server_1).
02-08-2022 11:54:12 [horeca.komnovalx.beget.tech][info] Preparing to upload a file (/home/k/komnovalx/horeca.komnovalx.beget.tech/public_html/wp-content/uploads/2022/08/CAPTAIN-NEMO-HoReCa_pages-to-jpg-0003-300x169.jpg) to a remote server (server_1).
02-08-2022 11:54:12 [horeca.komnovalx.beget.tech][info] File successfully uploaded to remote server (server_1).
02-08-2022 11:54:12 [horeca.komnovalx.beget.tech][debug] New queue created #6, attributes values: {&quot;server_id&quot;:null,&quot;object_id&quot;:26,&quot;object_name&quot;:&quot;&quot;,&quot;item_type&quot;:&quot;attachment&quot;,&quot;item_hash&quot;:null,&quot;item_hash_alternative&quot;:null,&quot;result_status&quot;:&quot;success&quot;,&quot;processing_level&quot;:&quot;normal&quot;,&quot;is_backed_up&quot;:true,&quot;original_size&quot;:564000,&quot;final_size&quot;:563965,&quot;original_mime_type&quot;:&quot;image\/jpeg&quot;,&quot;final_mime_type&quot;:&quot;image\/jpeg&quot;,&quot;extra_data&quot;:&quot;{\&quot;thumbnails_count\&quot;:2,\&quot;original_main_size\&quot;:547453,\&quot;class\&quot;:\&quot;RIO_Attachment_Extra_Data\&quot;}&quot;,&quot;created_at&quot;:1659430452}
02-08-2022 11:54:12 [horeca.komnovalx.beget.tech][info] END auto optimize cron job. Attachment: 26
02-08-2022 11:54:12 [horeca.komnovalx.beget.tech][info] START auto optimize cron job. Attachment: 27
02-08-2022 11:54:12 [horeca.komnovalx.beget.tech][info] Preparing to upload a file (/home/k/komnovalx/horeca.komnovalx.beget.tech/public_html/wp-content/uploads/2022/08/CAPTAIN-NEMO-HoReCa_pages-to-jpg-0004.jpg) to a remote server (server_1).
02-08-2022 11:54:13 [horeca.komnovalx.beget.tech][info] File successfully uploaded to remote server (server_1).
02-08-2022 11:54:14 [horeca.komnovalx.beget.tech][info] Preparing to upload a file (/home/k/komnovalx/horeca.komnovalx.beget.tech/public_html/wp-content/uploads/2022/08/CAPTAIN-NEMO-HoReCa_pages-to-jpg-0004-150x150.jpg) to a remote server (server_1).
02-08-2022 11:54:14 [horeca.komnovalx.beget.tech][info] File successfully uploaded to remote server (server_1).
02-08-2022 11:54:14 [horeca.komnovalx.beget.tech][info] Preparing to upload a file (/home/k/komnovalx/horeca.komnovalx.beget.tech/public_html/wp-content/uploads/2022/08/CAPTAIN-NEMO-HoReCa_pages-to-jpg-0004-300x169.jpg) to a remote server (server_1).
02-08-2022 11:54:15 [horeca.komnovalx.beget.tech][info] File successfully uploaded to remote server (server_1).
02-08-2022 11:54:15 [horeca.komnovalx.beget.tech][debug] New queue created #7, attributes values: {&quot;server_id&quot;:null,&quot;object_id&quot;:27,&quot;object_name&quot;:&quot;&quot;,&quot;item_type&quot;:&quot;attachment&quot;,&quot;item_hash&quot;:null,&quot;item_hash_alternative&quot;:null,&quot;result_status&quot;:&quot;success&quot;,&quot;processing_level&quot;:&quot;normal&quot;,&quot;is_backed_up&quot;:true,&quot;original_size&quot;:725464,&quot;final_size&quot;:725280,&quot;original_mime_type&quot;:&quot;image\/jpeg&quot;,&quot;final_mime_type&quot;:&quot;image\/jpeg&quot;,&quot;extra_data&quot;:&quot;{\&quot;thumbnails_count\&quot;:2,\&quot;original_main_size\&quot;:707385,\&quot;class\&quot;:\&quot;RIO_Attachment_Extra_Data\&quot;}&quot;,&quot;created_at&quot;:1659430455}
02-08-2022 11:54:15 [horeca.komnovalx.beget.tech][info] END auto optimize cron job. Attachment: 27
02-08-2022 11:54:15 [horeca.komnovalx.beget.tech][info] START auto optimize cron job. Attachment: 28
02-08-2022 11:54:15 [horeca.komnovalx.beget.tech][info] Preparing to upload a file (/home/k/komnovalx/horeca.komnovalx.beget.tech/public_html/wp-content/uploads/2022/08/CAPTAIN-NEMO-HoReCa_pages-to-jpg-0005.jpg) to a remote server (server_1).
02-08-2022 11:54:17 [horeca.komnovalx.beget.tech][info] File successfully uploaded to remote server (server_1).
02-08-2022 11:54:17 [horeca.komnovalx.beget.tech][info] Preparing to upload a file (/home/k/komnovalx/horeca.komnovalx.beget.tech/public_html/wp-content/uploads/2022/08/CAPTAIN-NEMO-HoReCa_pages-to-jpg-0005-150x150.jpg) to a remote server (server_1).
02-08-2022 11:54:18 [horeca.komnovalx.beget.tech][info] File successfully uploaded to remote server (server_1).
02-08-2022 11:54:18 [horeca.komnovalx.beget.tech][info] Preparing to upload a file (/home/k/komnovalx/horeca.komnovalx.beget.tech/public_html/wp-content/uploads/2022/08/CAPTAIN-NEMO-HoReCa_pages-to-jpg-0005-300x169.jpg) to a remote server (server_1).
02-08-2022 11:54:19 [horeca.komnovalx.beget.tech][info] File successfully uploaded to remote server (server_1).
02-08-2022 11:54:19 [horeca.komnovalx.beget.tech][debug] New queue created #8, attributes values: {&quot;server_id&quot;:null,&quot;object_id&quot;:28,&quot;object_name&quot;:&quot;&quot;,&quot;item_type&quot;:&quot;attachment&quot;,&quot;item_hash&quot;:null,&quot;item_hash_alternative&quot;:null,&quot;result_status&quot;:&quot;success&quot;,&quot;processing_level&quot;:&quot;normal&quot;,&quot;is_backed_up&quot;:true,&quot;original_size&quot;:560481,&quot;final_size&quot;:560385,&quot;original_mime_type&quot;:&quot;image\/jpeg&quot;,&quot;final_mime_type&quot;:&quot;image\/jpeg&quot;,&quot;extra_data&quot;:&quot;{\&quot;thumbnails_count\&quot;:2,\&quot;original_main_size\&quot;:543018,\&quot;class\&quot;:\&quot;RIO_Attachment_Extra_Data\&quot;}&quot;,&quot;created_at&quot;:1659430459}
02-08-2022 11:54:19 [horeca.komnovalx.beget.tech][info] END auto optimize cron job. Attachment: 28
02-08-2022 11:54:19 [horeca.komnovalx.beget.tech][info] START auto optimize cron job. Attachment: 29
02-08-2022 11:54:19 [horeca.komnovalx.beget.tech][info] Preparing to upload a file (/home/k/komnovalx/horeca.komnovalx.beget.tech/public_html/wp-content/uploads/2022/08/CAPTAIN-NEMO-HoReCa_pages-to-jpg-0006.jpg) to a remote server (server_1).
02-08-2022 11:54:20 [horeca.komnovalx.beget.tech][info] File successfully uploaded to remote server (server_1).
02-08-2022 11:54:20 [horeca.komnovalx.beget.tech][info] Preparing to upload a file (/home/k/komnovalx/horeca.komnovalx.beget.tech/public_html/wp-content/uploads/2022/08/CAPTAIN-NEMO-HoReCa_pages-to-jpg-0006-150x150.jpg) to a remote server (server_1).
02-08-2022 11:54:21 [horeca.komnovalx.beget.tech][info] File successfully uploaded to remote server (server_1).
02-08-2022 11:54:21 [horeca.komnovalx.beget.tech][info] Preparing to upload a file (/home/k/komnovalx/horeca.komnovalx.beget.tech/public_html/wp-content/uploads/2022/08/CAPTAIN-NEMO-HoReCa_pages-to-jpg-0006-300x169.jpg) to a remote server (server_1).
02-08-2022 11:54:21 [horeca.komnovalx.beget.tech][info] File successfully uploaded to remote server (server_1).
02-08-2022 11:54:21 [horeca.komnovalx.beget.tech][debug] New queue created #9, attributes values: {&quot;server_id&quot;:null,&quot;object_id&quot;:29,&quot;object_name&quot;:&quot;&quot;,&quot;item_type&quot;:&quot;attachment&quot;,&quot;item_hash&quot;:null,&quot;item_hash_alternative&quot;:null,&quot;result_status&quot;:&quot;success&quot;,&quot;processing_level&quot;:&quot;normal&quot;,&quot;is_backed_up&quot;:true,&quot;original_size&quot;:377176,&quot;final_size&quot;:377176,&quot;original_mime_type&quot;:&quot;image\/jpeg&quot;,&quot;final_mime_type&quot;:&quot;image\/jpeg&quot;,&quot;extra_data&quot;:&quot;{\&quot;thumbnails_count\&quot;:2,\&quot;original_main_size\&quot;:361281,\&quot;class\&quot;:\&quot;RIO_Attachment_Extra_Data\&quot;}&quot;,&quot;created_at&quot;:1659430461}
02-08-2022 11:54:21 [horeca.komnovalx.beget.tech][info] END auto optimize cron job. Attachment: 29
-------------------------------
02-08-2022 11:54:24 [horeca.komnovalx.beget.tech][info] START auto optimize cron job. Attachment: 30
02-08-2022 11:54:24 [horeca.komnovalx.beget.tech][info] Preparing to upload a file (/home/k/komnovalx/horeca.komnovalx.beget.tech/public_html/wp-content/uploads/2022/08/CAPTAIN-NEMO-HoReCa_pages-to-jpg-0007.jpg) to a remote server (server_1).
02-08-2022 11:54:30 [horeca.komnovalx.beget.tech][info] File successfully uploaded to remote server (server_1).
02-08-2022 11:54:31 [horeca.komnovalx.beget.tech][info] Preparing to upload a file (/home/k/komnovalx/horeca.komnovalx.beget.tech/public_html/wp-content/uploads/2022/08/CAPTAIN-NEMO-HoReCa_pages-to-jpg-0007-150x150.jpg) to a remote server (server_1).
02-08-2022 11:54:31 [horeca.komnovalx.beget.tech][info] File successfully uploaded to remote server (server_1).
02-08-2022 11:54:31 [horeca.komnovalx.beget.tech][info] Preparing to upload a file (/home/k/komnovalx/horeca.komnovalx.beget.tech/public_html/wp-content/uploads/2022/08/CAPTAIN-NEMO-HoReCa_pages-to-jpg-0007-300x169.jpg) to a remote server (server_1).
02-08-2022 11:54:31 [horeca.komnovalx.beget.tech][info] File successfully uploaded to remote server (server_1).
02-08-2022 11:54:31 [horeca.komnovalx.beget.tech][debug] New queue created #10, attributes values: {&quot;server_id&quot;:null,&quot;object_id&quot;:30,&quot;object_name&quot;:&quot;&quot;,&quot;item_type&quot;:&quot;attachment&quot;,&quot;item_hash&quot;:null,&quot;item_hash_alternative&quot;:null,&quot;result_status&quot;:&quot;success&quot;,&quot;processing_level&quot;:&quot;normal&quot;,&quot;is_backed_up&quot;:true,&quot;original_size&quot;:475707,&quot;final_size&quot;:475707,&quot;original_mime_type&quot;:&quot;image\/jpeg&quot;,&quot;final_mime_type&quot;:&quot;image\/jpeg&quot;,&quot;extra_data&quot;:&quot;{\&quot;thumbnails_count\&quot;:2,\&quot;original_main_size\&quot;:460283,\&quot;class\&quot;:\&quot;RIO_Attachment_Extra_Data\&quot;}&quot;,&quot;created_at&quot;:1659430471}
02-08-2022 11:54:31 [horeca.komnovalx.beget.tech][info] END auto optimize cron job. Attachment: 30
02-08-2022 11:54:31 [horeca.komnovalx.beget.tech][info] START auto optimize cron job. Attachment: 31
02-08-2022 11:54:31 [horeca.komnovalx.beget.tech][info] Preparing to upload a file (/home/k/komnovalx/horeca.komnovalx.beget.tech/public_html/wp-content/uploads/2022/08/CAPTAIN-NEMO-HoReCa_pages-to-jpg-0008.jpg) to a remote server (server_1).
02-08-2022 11:54:35 [horeca.komnovalx.beget.tech][info] File successfully uploaded to remote server (server_1).
02-08-2022 11:54:36 [horeca.komnovalx.beget.tech][info] Preparing to upload a file (/home/k/komnovalx/horeca.komnovalx.beget.tech/public_html/wp-content/uploads/2022/08/CAPTAIN-NEMO-HoReCa_pages-to-jpg-0008-150x150.jpg) to a remote server (server_1).
02-08-2022 11:54:36 [horeca.komnovalx.beget.tech][info] File successfully uploaded to remote server (server_1).
02-08-2022 11:54:36 [horeca.komnovalx.beget.tech][info] Preparing to upload a file (/home/k/komnovalx/horeca.komnovalx.beget.tech/public_html/wp-content/uploads/2022/08/CAPTAIN-NEMO-HoReCa_pages-to-jpg-0008-300x169.jpg) to a remote server (server_1).
02-08-2022 11:54:37 [horeca.komnovalx.beget.tech][info] File successfully uploaded to remote server (server_1).
02-08-2022 11:54:37 [horeca.komnovalx.beget.tech][debug] New queue created #11, attributes values: {&quot;server_id&quot;:null,&quot;object_id&quot;:31,&quot;object_name&quot;:&quot;&quot;,&quot;item_type&quot;:&quot;attachment&quot;,&quot;item_hash&quot;:null,&quot;item_hash_alternative&quot;:null,&quot;result_status&quot;:&quot;success&quot;,&quot;processing_level&quot;:&quot;normal&quot;,&quot;is_backed_up&quot;:true,&quot;original_size&quot;:286874,&quot;final_size&quot;:286874,&quot;original_mime_type&quot;:&quot;image\/jpeg&quot;,&quot;final_mime_type&quot;:&quot;image\/jpeg&quot;,&quot;extra_data&quot;:&quot;{\&quot;thumbnails_count\&quot;:2,\&quot;original_main_size\&quot;:273633,\&quot;class\&quot;:\&quot;RIO_Attachment_Extra_Data\&quot;}&quot;,&quot;created_at&quot;:1659430477}
02-08-2022 11:54:37 [horeca.komnovalx.beget.tech][info] END auto optimize cron job. Attachment: 31
-------------------------------
02-08-2022 11:58:47 [horeca.komnovalx.beget.tech][info] START auto optimize cron job. Attachment: 43
02-08-2022 11:58:47 [horeca.komnovalx.beget.tech][info] Preparing to upload a file (/home/k/komnovalx/horeca.komnovalx.beget.tech/public_html/wp-content/uploads/woocommerce-placeholder.png) to a remote server (server_1).
02-08-2022 11:58:50 [horeca.komnovalx.beget.tech][info] File successfully uploaded to remote server (server_1).
02-08-2022 11:58:50 [horeca.komnovalx.beget.tech][info] Preparing to upload a file (/home/k/komnovalx/horeca.komnovalx.beget.tech/public_html/wp-content/uploads/woocommerce-placeholder-150x150.png) to a remote server (server_1).
02-08-2022 11:58:51 [horeca.komnovalx.beget.tech][info] File successfully uploaded to remote server (server_1).
02-08-2022 11:58:52 [horeca.komnovalx.beget.tech][info] Preparing to upload a file (/home/k/komnovalx/horeca.komnovalx.beget.tech/public_html/wp-content/uploads/woocommerce-placeholder-300x300.png) to a remote server (server_1).
02-08-2022 11:58:52 [horeca.komnovalx.beget.tech][info] File successfully uploaded to remote server (server_1).
02-08-2022 11:58:52 [horeca.komnovalx.beget.tech][debug] New queue created #12, attributes values: {&quot;server_id&quot;:null,&quot;object_id&quot;:43,&quot;object_name&quot;:&quot;&quot;,&quot;item_type&quot;:&quot;attachment&quot;,&quot;item_hash&quot;:null,&quot;item_hash_alternative&quot;:null,&quot;result_status&quot;:&quot;success&quot;,&quot;processing_level&quot;:&quot;normal&quot;,&quot;is_backed_up&quot;:true,&quot;original_size&quot;:118629,&quot;final_size&quot;:84906,&quot;original_mime_type&quot;:&quot;image\/png&quot;,&quot;final_mime_type&quot;:&quot;image\/png&quot;,&quot;extra_data&quot;:&quot;{\&quot;thumbnails_count\&quot;:2,\&quot;original_main_size\&quot;:102644,\&quot;class\&quot;:\&quot;RIO_Attachment_Extra_Data\&quot;}&quot;,&quot;created_at&quot;:1659430732}
02-08-2022 11:58:52 [horeca.komnovalx.beget.tech][info] END auto optimize cron job. Attachment: 43
-------------------------------
02-08-2022 12:04:53 [horeca.komnovalx.beget.tech][info] START auto optimize cron job. Attachment: 51
02-08-2022 12:04:53 [horeca.komnovalx.beget.tech][warning] This format is disabled in the plugin settings: image/webp
02-08-2022 12:04:53 [horeca.komnovalx.beget.tech][info] END auto optimize cron job. Attachment: 51
02-08-2022 12:04:53 [horeca.komnovalx.beget.tech][info] START auto optimize cron job. Attachment: 52
02-08-2022 12:04:53 [horeca.komnovalx.beget.tech][warning] This format is disabled in the plugin settings: image/webp
02-08-2022 12:04:53 [horeca.komnovalx.beget.tech][info] END auto optimize cron job. Attachment: 52
02-08-2022 12:04:53 [horeca.komnovalx.beget.tech][info] START auto optimize cron job. Attachment: 53
02-08-2022 12:04:53 [horeca.komnovalx.beget.tech][info] Preparing to upload a file (/home/k/komnovalx/horeca.komnovalx.beget.tech/public_html/wp-content/uploads/2022/08/3e3aced11e064af19f0ceacf7f05ba5a_krasnaya_ryba.jpg) to a remote server (server_1).
02-08-2022 12:04:53 [horeca.komnovalx.beget.tech][info] File successfully uploaded to remote server (server_1).
02-08-2022 12:04:54 [horeca.komnovalx.beget.tech][info] Preparing to upload a file (/home/k/komnovalx/horeca.komnovalx.beget.tech/public_html/wp-content/uploads/2022/08/3e3aced11e064af19f0ceacf7f05ba5a_krasnaya_ryba-150x150.jpg) to a remote server (server_1).
02-08-2022 12:04:54 [horeca.komnovalx.beget.tech][info] File successfully uploaded to remote server (server_1).
02-08-2022 12:04:55 [horeca.komnovalx.beget.tech][info] Preparing to upload a file (/home/k/komnovalx/horeca.komnovalx.beget.tech/public_html/wp-content/uploads/2022/08/3e3aced11e064af19f0ceacf7f05ba5a_krasnaya_ryba-240x300.jpg) to a remote server (server_1).
02-08-2022 12:04:55 [horeca.komnovalx.beget.tech][info] File successfully uploaded to remote server (server_1).
02-08-2022 12:04:55 [horeca.komnovalx.beget.tech][debug] New queue created #13, attributes values: {&quot;server_id&quot;:null,&quot;object_id&quot;:53,&quot;object_name&quot;:&quot;&quot;,&quot;item_type&quot;:&quot;attachment&quot;,&quot;item_hash&quot;:null,&quot;item_hash_alternative&quot;:null,&quot;result_status&quot;:&quot;success&quot;,&quot;processing_level&quot;:&quot;normal&quot;,&quot;is_backed_up&quot;:true,&quot;original_size&quot;:549343,&quot;final_size&quot;:483971,&quot;original_mime_type&quot;:&quot;image\/jpeg&quot;,&quot;final_mime_type&quot;:&quot;image\/jpeg&quot;,&quot;extra_data&quot;:&quot;{\&quot;thumbnails_count\&quot;:2,\&quot;original_main_size\&quot;:482290,\&quot;class\&quot;:\&quot;RIO_Attachment_Extra_Data\&quot;}&quot;,&quot;created_at&quot;:1659431095}
02-08-2022 12:04:55 [horeca.komnovalx.beget.tech][info] END auto optimize cron job. Attachment: 53
02-08-2022 12:04:55 [horeca.komnovalx.beget.tech][info] START auto optimize cron job. Attachment: 54
02-08-2022 12:04:55 [horeca.komnovalx.beget.tech][warning] This format is disabled in the plugin settings: image/webp
02-08-2022 12:04:55 [horeca.komnovalx.beget.tech][info] END auto optimize cron job. Attachment: 54
02-08-2022 12:04:55 [horeca.komnovalx.beget.tech][info] START auto optimize cron job. Attachment: 55
02-08-2022 12:04:55 [horeca.komnovalx.beget.tech][info] Preparing to upload a file (/home/k/komnovalx/horeca.komnovalx.beget.tech/public_html/wp-content/uploads/2022/08/957ad457390248b6b8a570eb226a6c5a_belaya_ryba.jpg) to a remote server (server_1).
02-08-2022 12:04:56 [horeca.komnovalx.beget.tech][info] File successfully uploaded to remote server (server_1).
02-08-2022 12:04:56 [horeca.komnovalx.beget.tech][info] Preparing to upload a file (/home/k/komnovalx/horeca.komnovalx.beget.tech/public_html/wp-content/uploads/2022/08/957ad457390248b6b8a570eb226a6c5a_belaya_ryba-150x150.jpg) to a remote server (server_1).
02-08-2022 12:04:57 [horeca.komnovalx.beget.tech][info] File successfully uploaded to remote server (server_1).
02-08-2022 12:04:57 [horeca.komnovalx.beget.tech][info] Preparing to upload a file (/home/k/komnovalx/horeca.komnovalx.beget.tech/public_html/wp-content/uploads/2022/08/957ad457390248b6b8a570eb226a6c5a_belaya_ryba-240x300.jpg) to a remote server (server_1).
02-08-2022 12:04:58 [horeca.komnovalx.beget.tech][info] File successfully uploaded to remote server (server_1).
02-08-2022 12:04:58 [horeca.komnovalx.beget.tech][debug] New queue created #14, attributes values: {&quot;server_id&quot;:null,&quot;object_id&quot;:55,&quot;object_name&quot;:&quot;&quot;,&quot;item_type&quot;:&quot;attachment&quot;,&quot;item_hash&quot;:null,&quot;item_hash_alternative&quot;:null,&quot;result_status&quot;:&quot;success&quot;,&quot;processing_level&quot;:&quot;normal&quot;,&quot;is_backed_up&quot;:true,&quot;original_size&quot;:496838,&quot;final_size&quot;:452527,&quot;original_mime_type&quot;:&quot;image\/jpeg&quot;,&quot;final_mime_type&quot;:&quot;image\/jpeg&quot;,&quot;extra_data&quot;:&quot;{\&quot;thumbnails_count\&quot;:2,\&quot;original_main_size\&quot;:440730,\&quot;class\&quot;:\&quot;RIO_Attachment_Extra_Data\&quot;}&quot;,&quot;created_at&quot;:1659431098}
02-08-2022 12:04:58 [horeca.komnovalx.beget.tech][info] END auto optimize cron job. Attachment: 55
02-08-2022 12:04:58 [horeca.komnovalx.beget.tech][info] START auto optimize cron job. Attachment: 56
02-08-2022 12:04:58 [horeca.komnovalx.beget.tech][info] Preparing to upload a file (/home/k/komnovalx/horeca.komnovalx.beget.tech/public_html/wp-content/uploads/2022/08/97443090cdc74674884084c7ec29f1ab_moreprodukty.jpg) to a remote server (server_1).
02-08-2022 12:04:58 [horeca.komnovalx.beget.tech][info] File successfully uploaded to remote server (server_1).
02-08-2022 12:04:59 [horeca.komnovalx.beget.tech][info] Preparing to upload a file (/home/k/komnovalx/horeca.komnovalx.beget.tech/public_html/wp-content/uploads/2022/08/97443090cdc74674884084c7ec29f1ab_moreprodukty-150x150.jpg) to a remote server (server_1).
02-08-2022 12:04:59 [horeca.komnovalx.beget.tech][info] File successfully uploaded to remote server (server_1).
02-08-2022 12:04:59 [horeca.komnovalx.beget.tech][info] Preparing to upload a file (/home/k/komnovalx/horeca.komnovalx.beget.tech/public_html/wp-content/uploads/2022/08/97443090cdc74674884084c7ec29f1ab_moreprodukty-240x300.jpg) to a remote server (server_1).
02-08-2022 12:05:00 [horeca.komnovalx.beget.tech][info] File successfully uploaded to remote server (server_1).
02-08-2022 12:05:00 [horeca.komnovalx.beget.tech][debug] New queue created #15, attributes values: {&quot;server_id&quot;:null,&quot;object_id&quot;:56,&quot;object_name&quot;:&quot;&quot;,&quot;item_type&quot;:&quot;attachment&quot;,&quot;item_hash&quot;:null,&quot;item_hash_alternative&quot;:null,&quot;result_status&quot;:&quot;success&quot;,&quot;processing_level&quot;:&quot;normal&quot;,&quot;is_backed_up&quot;:true,&quot;original_size&quot;:548404,&quot;final_size&quot;:479318,&quot;original_mime_type&quot;:&quot;image\/jpeg&quot;,&quot;final_mime_type&quot;:&quot;image\/jpeg&quot;,&quot;extra_data&quot;:&quot;{\&quot;thumbnails_count\&quot;:2,\&quot;original_main_size\&quot;:479476,\&quot;class\&quot;:\&quot;RIO_Attachment_Extra_Data\&quot;}&quot;,&quot;created_at&quot;:1659431100}
02-08-2022 12:05:00 [horeca.komnovalx.beget.tech][info] END auto optimize cron job. Attachment: 56
02-08-2022 12:05:00 [horeca.komnovalx.beget.tech][info] START auto optimize cron job. Attachment: 57
02-08-2022 12:05:00 [horeca.komnovalx.beget.tech][info] Preparing to upload a file (/home/k/komnovalx/horeca.komnovalx.beget.tech/public_html/wp-content/uploads/2022/08/d9295bc294be440382ba15fa71bf4e19_porcionnaya_ryba.jpg) to a remote server (server_1).
02-08-2022 12:05:01 [horeca.komnovalx.beget.tech][info] File successfully uploaded to remote server (server_1).
02-08-2022 12:05:02 [horeca.komnovalx.beget.tech][info] Preparing to upload a file (/home/k/komnovalx/horeca.komnovalx.beget.tech/public_html/wp-content/uploads/2022/08/d9295bc294be440382ba15fa71bf4e19_porcionnaya_ryba-150x150.jpg) to a remote server (server_1).
02-08-2022 12:05:02 [horeca.komnovalx.beget.tech][info] File successfully uploaded to remote server (server_1).
02-08-2022 12:05:03 [horeca.komnovalx.beget.tech][info] Preparing to upload a file (/home/k/komnovalx/horeca.komnovalx.beget.tech/public_html/wp-content/uploads/2022/08/d9295bc294be440382ba15fa71bf4e19_porcionnaya_ryba-240x300.jpg) to a remote server (server_1).
02-08-2022 12:05:03 [horeca.komnovalx.beget.tech][info] File successfully uploaded to remote server (server_1).
02-08-2022 12:05:04 [horeca.komnovalx.beget.tech][debug] New queue created #16, attributes values: {&quot;server_id&quot;:null,&quot;object_id&quot;:57,&quot;object_name&quot;:&quot;&quot;,&quot;item_type&quot;:&quot;attachment&quot;,&quot;item_hash&quot;:null,&quot;item_hash_alternative&quot;:null,&quot;result_status&quot;:&quot;success&quot;,&quot;processing_level&quot;:&quot;normal&quot;,&quot;is_backed_up&quot;:true,&quot;original_size&quot;:586811,&quot;final_size&quot;:490608,&quot;original_mime_type&quot;:&quot;image\/jpeg&quot;,&quot;final_mime_type&quot;:&quot;image\/jpeg&quot;,&quot;extra_data&quot;:&quot;{\&quot;thumbnails_count\&quot;:2,\&quot;original_main_size\&quot;:514305,\&quot;class\&quot;:\&quot;RIO_Attachment_Extra_Data\&quot;}&quot;,&quot;created_at&quot;:1659431104}
02-08-2022 12:05:04 [horeca.komnovalx.beget.tech][info] END auto optimize cron job. Attachment: 57
-------------------------------
02-08-2022 12:14:18 [horeca.komnovalx.beget.tech][info] START auto optimize cron job. Attachment: 57
02-08-2022 12:14:18 [horeca.komnovalx.beget.tech][info] Restored file: /home/k/komnovalx/horeca.komnovalx.beget.tech/public_html/wp-content/uploads/wio_backup/2022/08/d9295bc294be440382ba15fa71bf4e19_porcionnaya_ryba.jpg.
02-08-2022 12:14:18 [horeca.komnovalx.beget.tech][info] Restored file: /home/k/komnovalx/horeca.komnovalx.beget.tech/public_html/wp-content/uploads/wio_backup/2022/08/d9295bc294be440382ba15fa71bf4e19_porcionnaya_ryba-150x150.jpg.
02-08-2022 12:14:18 [horeca.komnovalx.beget.tech][info] Restored file: /home/k/komnovalx/horeca.komnovalx.beget.tech/public_html/wp-content/uploads/wio_backup/2022/08/d9295bc294be440382ba15fa71bf4e19_porcionnaya_ryba-240x300.jpg.
02-08-2022 12:14:18 [horeca.komnovalx.beget.tech][debug] Deleted queue item #16
02-08-2022 12:14:18 [horeca.komnovalx.beget.tech][info] Preparing to upload a file (/home/k/komnovalx/horeca.komnovalx.beget.tech/public_html/wp-content/uploads/2022/08/d9295bc294be440382ba15fa71bf4e19_porcionnaya_ryba.jpg) to a remote server (server_1).
02-08-2022 12:14:18 [horeca.komnovalx.beget.tech][info] File successfully uploaded to remote server (server_1).
02-08-2022 12:14:19 [horeca.komnovalx.beget.tech][info] Preparing to upload a file (/home/k/komnovalx/horeca.komnovalx.beget.tech/public_html/wp-content/uploads/2022/08/d9295bc294be440382ba15fa71bf4e19_porcionnaya_ryba-150x150.jpg) to a remote server (server_1).
02-08-2022 12:14:19 [horeca.komnovalx.beget.tech][info] File successfully uploaded to remote server (server_1).
02-08-2022 12:14:19 [horeca.komnovalx.beget.tech][info] Preparing to upload a file (/home/k/komnovalx/horeca.komnovalx.beget.tech/public_html/wp-content/uploads/2022/08/d9295bc294be440382ba15fa71bf4e19_porcionnaya_ryba-240x300.jpg) to a remote server (server_1).
02-08-2022 12:14:20 [horeca.komnovalx.beget.tech][info] File successfully uploaded to remote server (server_1).
02-08-2022 12:14:21 [horeca.komnovalx.beget.tech][debug] New queue created #17, attributes values: {&quot;server_id&quot;:null,&quot;object_id&quot;:57,&quot;object_name&quot;:&quot;&quot;,&quot;item_type&quot;:&quot;attachment&quot;,&quot;item_hash&quot;:null,&quot;item_hash_alternative&quot;:null,&quot;result_status&quot;:&quot;success&quot;,&quot;processing_level&quot;:&quot;normal&quot;,&quot;is_backed_up&quot;:true,&quot;original_size&quot;:586811,&quot;final_size&quot;:490608,&quot;original_mime_type&quot;:&quot;image\/jpeg&quot;,&quot;final_mime_type&quot;:&quot;image\/jpeg&quot;,&quot;extra_data&quot;:&quot;{\&quot;thumbnails_count\&quot;:2,\&quot;original_main_size\&quot;:514305,\&quot;class\&quot;:\&quot;RIO_Attachment_Extra_Data\&quot;}&quot;,&quot;created_at&quot;:1659431661}
02-08-2022 12:14:21 [horeca.komnovalx.beget.tech][info] END auto optimize cron job. Attachment: 57
02-08-2022 12:14:21 [horeca.komnovalx.beget.tech][info] START auto optimize cron job. Attachment: 56
02-08-2022 12:14:21 [horeca.komnovalx.beget.tech][info] Restored file: /home/k/komnovalx/horeca.komnovalx.beget.tech/public_html/wp-content/uploads/wio_backup/2022/08/97443090cdc74674884084c7ec29f1ab_moreprodukty.jpg.
02-08-2022 12:14:21 [horeca.komnovalx.beget.tech][info] Restored file: /home/k/komnovalx/horeca.komnovalx.beget.tech/public_html/wp-content/uploads/wio_backup/2022/08/97443090cdc74674884084c7ec29f1ab_moreprodukty-150x150.jpg.
02-08-2022 12:14:21 [horeca.komnovalx.beget.tech][info] Restored file: /home/k/komnovalx/horeca.komnovalx.beget.tech/public_html/wp-content/uploads/wio_backup/2022/08/97443090cdc74674884084c7ec29f1ab_moreprodukty-240x300.jpg.
02-08-2022 12:14:21 [horeca.komnovalx.beget.tech][debug] Deleted queue item #15
02-08-2022 12:14:21 [horeca.komnovalx.beget.tech][info] Preparing to upload a file (/home/k/komnovalx/horeca.komnovalx.beget.tech/public_html/wp-content/uploads/2022/08/97443090cdc74674884084c7ec29f1ab_moreprodukty.jpg) to a remote server (server_1).
02-08-2022 12:14:22 [horeca.komnovalx.beget.tech][info] File successfully uploaded to remote server (server_1).
02-08-2022 12:14:23 [horeca.komnovalx.beget.tech][info] Preparing to upload a file (/home/k/komnovalx/horeca.komnovalx.beget.tech/public_html/wp-content/uploads/2022/08/97443090cdc74674884084c7ec29f1ab_moreprodukty-150x150.jpg) to a remote server (server_1).
02-08-2022 12:14:23 [horeca.komnovalx.beget.tech][info] File successfully uploaded to remote server (server_1).
02-08-2022 12:14:24 [horeca.komnovalx.beget.tech][info] Preparing to upload a file (/home/k/komnovalx/horeca.komnovalx.beget.tech/public_html/wp-content/uploads/2022/08/97443090cdc74674884084c7ec29f1ab_moreprodukty-240x300.jpg) to a remote server (server_1).
02-08-2022 12:14:24 [horeca.komnovalx.beget.tech][info] File successfully uploaded to remote server (server_1).
02-08-2022 12:14:24 [horeca.komnovalx.beget.tech][debug] New queue created #18, attributes values: {&quot;server_id&quot;:null,&quot;object_id&quot;:56,&quot;object_name&quot;:&quot;&quot;,&quot;item_type&quot;:&quot;attachment&quot;,&quot;item_hash&quot;:null,&quot;item_hash_alternative&quot;:null,&quot;result_status&quot;:&quot;success&quot;,&quot;processing_level&quot;:&quot;normal&quot;,&quot;is_backed_up&quot;:true,&quot;original_size&quot;:548404,&quot;final_size&quot;:479318,&quot;original_mime_type&quot;:&quot;image\/jpeg&quot;,&quot;final_mime_type&quot;:&quot;image\/jpeg&quot;,&quot;extra_data&quot;:&quot;{\&quot;thumbnails_count\&quot;:2,\&quot;original_main_size\&quot;:479476,\&quot;class\&quot;:\&quot;RIO_Attachment_Extra_Data\&quot;}&quot;,&quot;created_at&quot;:1659431664}
02-08-2022 12:14:24 [horeca.komnovalx.beget.tech][info] END auto optimize cron job. Attachment: 56
02-08-2022 12:14:24 [horeca.komnovalx.beget.tech][info] START auto optimize cron job. Attachment: 55
02-08-2022 12:14:24 [horeca.komnovalx.beget.tech][info] Restored file: /home/k/komnovalx/horeca.komnovalx.beget.tech/public_html/wp-content/uploads/wio_backup/2022/08/957ad457390248b6b8a570eb226a6c5a_belaya_ryba.jpg.
02-08-2022 12:14:25 [horeca.komnovalx.beget.tech][info] Restored file: /home/k/komnovalx/horeca.komnovalx.beget.tech/public_html/wp-content/uploads/wio_backup/2022/08/957ad457390248b6b8a570eb226a6c5a_belaya_ryba-150x150.jpg.
02-08-2022 12:14:25 [horeca.komnovalx.beget.tech][info] Restored file: /home/k/komnovalx/horeca.komnovalx.beget.tech/public_html/wp-content/uploads/wio_backup/2022/08/957ad457390248b6b8a570eb226a6c5a_belaya_ryba-240x300.jpg.
02-08-2022 12:14:25 [horeca.komnovalx.beget.tech][debug] Deleted queue item #14
02-08-2022 12:14:25 [horeca.komnovalx.beget.tech][info] Preparing to upload a file (/home/k/komnovalx/horeca.komnovalx.beget.tech/public_html/wp-content/uploads/2022/08/957ad457390248b6b8a570eb226a6c5a_belaya_ryba.jpg) to a remote server (server_1).
02-08-2022 12:14:26 [horeca.komnovalx.beget.tech][info] File successfully uploaded to remote server (server_1).
02-08-2022 12:14:27 [horeca.komnovalx.beget.tech][info] Preparing to upload a file (/home/k/komnovalx/horeca.komnovalx.beget.tech/public_html/wp-content/uploads/2022/08/957ad457390248b6b8a570eb226a6c5a_belaya_ryba-150x150.jpg) to a remote server (server_1).
02-08-2022 12:14:27 [horeca.komnovalx.beget.tech][info] File successfully uploaded to remote server (server_1).
02-08-2022 12:14:27 [horeca.komnovalx.beget.tech][info] Preparing to upload a file (/home/k/komnovalx/horeca.komnovalx.beget.tech/public_html/wp-content/uploads/2022/08/957ad457390248b6b8a570eb226a6c5a_belaya_ryba-240x300.jpg) to a remote server (server_1).
02-08-2022 12:14:27 [horeca.komnovalx.beget.tech][info] File successfully uploaded to remote server (server_1).
02-08-2022 12:14:27 [horeca.komnovalx.beget.tech][debug] New queue created #19, attributes values: {&quot;server_id&quot;:null,&quot;object_id&quot;:55,&quot;object_name&quot;:&quot;&quot;,&quot;item_type&quot;:&quot;attachment&quot;,&quot;item_hash&quot;:null,&quot;item_hash_alternative&quot;:null,&quot;result_status&quot;:&quot;success&quot;,&quot;processing_level&quot;:&quot;normal&quot;,&quot;is_backed_up&quot;:true,&quot;original_size&quot;:496838,&quot;final_size&quot;:452527,&quot;original_mime_type&quot;:&quot;image\/jpeg&quot;,&quot;final_mime_type&quot;:&quot;image\/jpeg&quot;,&quot;extra_data&quot;:&quot;{\&quot;thumbnails_count\&quot;:2,\&quot;original_main_size\&quot;:440730,\&quot;class\&quot;:\&quot;RIO_Attachment_Extra_Data\&quot;}&quot;,&quot;created_at&quot;:1659431667}
02-08-2022 12:14:27 [horeca.komnovalx.beget.tech][info] END auto optimize cron job. Attachment: 55
02-08-2022 12:14:27 [horeca.komnovalx.beget.tech][info] START auto optimize cron job. Attachment: 54
02-08-2022 12:14:27 [horeca.komnovalx.beget.tech][warning] This format is disabled in the plugin settings: image/webp
02-08-2022 12:14:27 [horeca.komnovalx.beget.tech][info] END auto optimize cron job. Attachment: 54
02-08-2022 12:14:27 [horeca.komnovalx.beget.tech][info] START auto optimize cron job. Attachment: 53
02-08-2022 12:14:27 [horeca.komnovalx.beget.tech][info] Restored file: /home/k/komnovalx/horeca.komnovalx.beget.tech/public_html/wp-content/uploads/wio_backup/2022/08/3e3aced11e064af19f0ceacf7f05ba5a_krasnaya_ryba.jpg.
02-08-2022 12:14:27 [horeca.komnovalx.beget.tech][info] Restored file: /home/k/komnovalx/horeca.komnovalx.beget.tech/public_html/wp-content/uploads/wio_backup/2022/08/3e3aced11e064af19f0ceacf7f05ba5a_krasnaya_ryba-150x150.jpg.
02-08-2022 12:14:27 [horeca.komnovalx.beget.tech][info] Restored file: /home/k/komnovalx/horeca.komnovalx.beget.tech/public_html/wp-content/uploads/wio_backup/2022/08/3e3aced11e064af19f0ceacf7f05ba5a_krasnaya_ryba-240x300.jpg.
02-08-2022 12:14:27 [horeca.komnovalx.beget.tech][debug] Deleted queue item #13
02-08-2022 12:14:27 [horeca.komnovalx.beget.tech][info] Preparing to upload a file (/home/k/komnovalx/horeca.komnovalx.beget.tech/public_html/wp-content/uploads/2022/08/3e3aced11e064af19f0ceacf7f05ba5a_krasnaya_ryba.jpg) to a remote server (server_1).
02-08-2022 12:14:29 [horeca.komnovalx.beget.tech][info] File successfully uploaded to remote server (server_1).
02-08-2022 12:14:29 [horeca.komnovalx.beget.tech][info] Preparing to upload a file (/home/k/komnovalx/horeca.komnovalx.beget.tech/public_html/wp-content/uploads/2022/08/3e3aced11e064af19f0ceacf7f05ba5a_krasnaya_ryba-150x150.jpg) to a remote server (server_1).
02-08-2022 12:14:29 [horeca.komnovalx.beget.tech][info] File successfully uploaded to remote server (server_1).
02-08-2022 12:14:30 [horeca.komnovalx.beget.tech][info] Preparing to upload a file (/home/k/komnovalx/horeca.komnovalx.beget.tech/public_html/wp-content/uploads/2022/08/3e3aced11e064af19f0ceacf7f05ba5a_krasnaya_ryba-240x300.jpg) to a remote server (server_1).
02-08-2022 12:14:30 [horeca.komnovalx.beget.tech][info] File successfully uploaded to remote server (server_1).
02-08-2022 12:14:30 [horeca.komnovalx.beget.tech][debug] New queue created #20, attributes values: {&quot;server_id&quot;:null,&quot;object_id&quot;:53,&quot;object_name&quot;:&quot;&quot;,&quot;item_type&quot;:&quot;attachment&quot;,&quot;item_hash&quot;:null,&quot;item_hash_alternative&quot;:null,&quot;result_status&quot;:&quot;success&quot;,&quot;processing_level&quot;:&quot;normal&quot;,&quot;is_backed_up&quot;:true,&quot;original_size&quot;:549343,&quot;final_size&quot;:483971,&quot;original_mime_type&quot;:&quot;image\/jpeg&quot;,&quot;final_mime_type&quot;:&quot;image\/jpeg&quot;,&quot;extra_data&quot;:&quot;{\&quot;thumbnails_count\&quot;:2,\&quot;original_main_size\&quot;:482290,\&quot;class\&quot;:\&quot;RIO_Attachment_Extra_Data\&quot;}&quot;,&quot;created_at&quot;:1659431670}
02-08-2022 12:14:30 [horeca.komnovalx.beget.tech][info] END auto optimize cron job. Attachment: 53
02-08-2022 12:14:30 [horeca.komnovalx.beget.tech][info] START auto optimize cron job. Attachment: 52
02-08-2022 12:14:30 [horeca.komnovalx.beget.tech][warning] This format is disabled in the plugin settings: image/webp
02-08-2022 12:14:30 [horeca.komnovalx.beget.tech][info] END auto optimize cron job. Attachment: 52
02-08-2022 12:14:30 [horeca.komnovalx.beget.tech][info] START auto optimize cron job. Attachment: 51
02-08-2022 12:14:30 [horeca.komnovalx.beget.tech][warning] This format is disabled in the plugin settings: image/webp
02-08-2022 12:14:30 [horeca.komnovalx.beget.tech][info] END auto optimize cron job. Attachment: 51
02-08-2022 12:14:30 [horeca.komnovalx.beget.tech][info] START auto optimize cron job. Attachment: 43
02-08-2022 12:14:30 [horeca.komnovalx.beget.tech][info] Restored file: /home/k/komnovalx/horeca.komnovalx.beget.tech/public_html/wp-content/uploads/wio_backup/./woocommerce-placeholder.png.
02-08-2022 12:14:30 [horeca.komnovalx.beget.tech][info] Restored file: /home/k/komnovalx/horeca.komnovalx.beget.tech/public_html/wp-content/uploads/wio_backup/./woocommerce-placeholder-150x150.png.
02-08-2022 12:14:30 [horeca.komnovalx.beget.tech][info] Restored file: /home/k/komnovalx/horeca.komnovalx.beget.tech/public_html/wp-content/uploads/wio_backup/./woocommerce-placeholder-300x300.png.
02-08-2022 12:14:30 [horeca.komnovalx.beget.tech][debug] Deleted queue item #12
02-08-2022 12:14:30 [horeca.komnovalx.beget.tech][info] Preparing to upload a file (/home/k/komnovalx/horeca.komnovalx.beget.tech/public_html/wp-content/uploads/woocommerce-placeholder.png) to a remote server (server_1).
02-08-2022 12:14:32 [horeca.komnovalx.beget.tech][info] File successfully uploaded to remote server (server_1).
02-08-2022 12:14:33 [horeca.komnovalx.beget.tech][info] Preparing to upload a file (/home/k/komnovalx/horeca.komnovalx.beget.tech/public_html/wp-content/uploads/woocommerce-placeholder-150x150.png) to a remote server (server_1).
02-08-2022 12:14:34 [horeca.komnovalx.beget.tech][info] File successfully uploaded to remote server (server_1).
02-08-2022 12:14:34 [horeca.komnovalx.beget.tech][info] Preparing to upload a file (/home/k/komnovalx/horeca.komnovalx.beget.tech/public_html/wp-content/uploads/woocommerce-placeholder-300x300.png) to a remote server (server_1).
02-08-2022 12:14:34 [horeca.komnovalx.beget.tech][info] File successfully uploaded to remote server (server_1).
02-08-2022 12:14:34 [horeca.komnovalx.beget.tech][debug] New queue created #21, attributes values: {&quot;server_id&quot;:null,&quot;object_id&quot;:43,&quot;object_name&quot;:&quot;&quot;,&quot;item_type&quot;:&quot;attachment&quot;,&quot;item_hash&quot;:null,&quot;item_hash_alternative&quot;:null,&quot;result_status&quot;:&quot;success&quot;,&quot;processing_level&quot;:&quot;normal&quot;,&quot;is_backed_up&quot;:true,&quot;original_size&quot;:118629,&quot;final_size&quot;:84906,&quot;original_mime_type&quot;:&quot;image\/png&quot;,&quot;final_mime_type&quot;:&quot;image\/png&quot;,&quot;extra_data&quot;:&quot;{\&quot;thumbnails_count\&quot;:2,\&quot;original_main_size\&quot;:102644,\&quot;class\&quot;:\&quot;RIO_Attachment_Extra_Data\&quot;}&quot;,&quot;created_at&quot;:1659431674}
02-08-2022 12:14:34 [horeca.komnovalx.beget.tech][info] END auto optimize cron job. Attachment: 43
02-08-2022 12:14:34 [horeca.komnovalx.beget.tech][info] START auto optimize cron job. Attachment: 31
02-08-2022 12:14:34 [horeca.komnovalx.beget.tech][info] Restored file: /home/k/komnovalx/horeca.komnovalx.beget.tech/public_html/wp-content/uploads/wio_backup/2022/08/CAPTAIN-NEMO-HoReCa_pages-to-jpg-0008.jpg.
02-08-2022 12:14:34 [horeca.komnovalx.beget.tech][info] Restored file: /home/k/komnovalx/horeca.komnovalx.beget.tech/public_html/wp-content/uploads/wio_backup/2022/08/CAPTAIN-NEMO-HoReCa_pages-to-jpg-0008-150x150.jpg.
02-08-2022 12:14:34 [horeca.komnovalx.beget.tech][info] Restored file: /home/k/komnovalx/horeca.komnovalx.beget.tech/public_html/wp-content/uploads/wio_backup/2022/08/CAPTAIN-NEMO-HoReCa_pages-to-jpg-0008-300x169.jpg.
02-08-2022 12:14:34 [horeca.komnovalx.beget.tech][debug] Deleted queue item #11
02-08-2022 12:14:34 [horeca.komnovalx.beget.tech][info] Preparing to upload a file (/home/k/komnovalx/horeca.komnovalx.beget.tech/public_html/wp-content/uploads/2022/08/CAPTAIN-NEMO-HoReCa_pages-to-jpg-0008.jpg) to a remote server (server_1).
02-08-2022 12:14:40 [horeca.komnovalx.beget.tech][info] File successfully uploaded to remote server (server_1).
02-08-2022 12:14:40 [horeca.komnovalx.beget.tech][info] Preparing to upload a file (/home/k/komnovalx/horeca.komnovalx.beget.tech/public_html/wp-content/uploads/2022/08/CAPTAIN-NEMO-HoReCa_pages-to-jpg-0008-150x150.jpg) to a remote server (server_1).
02-08-2022 12:14:40 [horeca.komnovalx.beget.tech][info] File successfully uploaded to remote server (server_1).
02-08-2022 12:14:40 [horeca.komnovalx.beget.tech][info] Preparing to upload a file (/home/k/komnovalx/horeca.komnovalx.beget.tech/public_html/wp-content/uploads/2022/08/CAPTAIN-NEMO-HoReCa_pages-to-jpg-0008-300x169.jpg) to a remote server (server_1).
02-08-2022 12:14:41 [horeca.komnovalx.beget.tech][info] File successfully uploaded to remote server (server_1).
02-08-2022 12:14:42 [horeca.komnovalx.beget.tech][debug] New queue created #22, attributes values: {&quot;server_id&quot;:null,&quot;object_id&quot;:31,&quot;object_name&quot;:&quot;&quot;,&quot;item_type&quot;:&quot;attachment&quot;,&quot;item_hash&quot;:null,&quot;item_hash_alternative&quot;:null,&quot;result_status&quot;:&quot;success&quot;,&quot;processing_level&quot;:&quot;normal&quot;,&quot;is_backed_up&quot;:true,&quot;original_size&quot;:286874,&quot;final_size&quot;:286874,&quot;original_mime_type&quot;:&quot;image\/jpeg&quot;,&quot;final_mime_type&quot;:&quot;image\/jpeg&quot;,&quot;extra_data&quot;:&quot;{\&quot;thumbnails_count\&quot;:2,\&quot;original_main_size\&quot;:273633,\&quot;class\&quot;:\&quot;RIO_Attachment_Extra_Data\&quot;}&quot;,&quot;created_at&quot;:1659431682}
02-08-2022 12:14:42 [horeca.komnovalx.beget.tech][info] END auto optimize cron job. Attachment: 31
02-08-2022 12:14:42 [horeca.komnovalx.beget.tech][info] START auto optimize cron job. Attachment: 30
02-08-2022 12:14:42 [horeca.komnovalx.beget.tech][info] Restored file: /home/k/komnovalx/horeca.komnovalx.beget.tech/public_html/wp-content/uploads/wio_backup/2022/08/CAPTAIN-NEMO-HoReCa_pages-to-jpg-0007.jpg.
02-08-2022 12:14:42 [horeca.komnovalx.beget.tech][info] Restored file: /home/k/komnovalx/horeca.komnovalx.beget.tech/public_html/wp-content/uploads/wio_backup/2022/08/CAPTAIN-NEMO-HoReCa_pages-to-jpg-0007-150x150.jpg.
02-08-2022 12:14:42 [horeca.komnovalx.beget.tech][info] Restored file: /home/k/komnovalx/horeca.komnovalx.beget.tech/public_html/wp-content/uploads/wio_backup/2022/08/CAPTAIN-NEMO-HoReCa_pages-to-jpg-0007-300x169.jpg.
02-08-2022 12:14:42 [horeca.komnovalx.beget.tech][debug] Deleted queue item #10
02-08-2022 12:14:42 [horeca.komnovalx.beget.tech][info] Preparing to upload a file (/home/k/komnovalx/horeca.komnovalx.beget.tech/public_html/wp-content/uploads/2022/08/CAPTAIN-NEMO-HoReCa_pages-to-jpg-0007.jpg) to a remote server (server_1).
02-08-2022 12:14:43 [horeca.komnovalx.beget.tech][info] File successfully uploaded to remote server (server_1).
02-08-2022 12:14:43 [horeca.komnovalx.beget.tech][info] Preparing to upload a file (/home/k/komnovalx/horeca.komnovalx.beget.tech/public_html/wp-content/uploads/2022/08/CAPTAIN-NEMO-HoReCa_pages-to-jpg-0007-150x150.jpg) to a remote server (server_1).
02-08-2022 12:14:43 [horeca.komnovalx.beget.tech][info] File successfully uploaded to remote server (server_1).
02-08-2022 12:14:43 [horeca.komnovalx.beget.tech][info] Preparing to upload a file (/home/k/komnovalx/horeca.komnovalx.beget.tech/public_html/wp-content/uploads/2022/08/CAPTAIN-NEMO-HoReCa_pages-to-jpg-0007-300x169.jpg) to a remote server (server_1).
02-08-2022 12:14:44 [horeca.komnovalx.beget.tech][info] File successfully uploaded to remote server (server_1).
02-08-2022 12:14:44 [horeca.komnovalx.beget.tech][debug] New queue created #23, attributes values: {&quot;server_id&quot;:null,&quot;object_id&quot;:30,&quot;object_name&quot;:&quot;&quot;,&quot;item_type&quot;:&quot;attachment&quot;,&quot;item_hash&quot;:null,&quot;item_hash_alternative&quot;:null,&quot;result_status&quot;:&quot;success&quot;,&quot;processing_level&quot;:&quot;normal&quot;,&quot;is_backed_up&quot;:true,&quot;original_size&quot;:475707,&quot;final_size&quot;:475707,&quot;original_mime_type&quot;:&quot;image\/jpeg&quot;,&quot;final_mime_type&quot;:&quot;image\/jpeg&quot;,&quot;extra_data&quot;:&quot;{\&quot;thumbnails_count\&quot;:2,\&quot;original_main_size\&quot;:460283,\&quot;class\&quot;:\&quot;RIO_Attachment_Extra_Data\&quot;}&quot;,&quot;created_at&quot;:1659431684}
02-08-2022 12:14:44 [horeca.komnovalx.beget.tech][info] END auto optimize cron job. Attachment: 30
02-08-2022 12:14:44 [horeca.komnovalx.beget.tech][info] START auto optimize cron job. Attachment: 29
02-08-2022 12:14:44 [horeca.komnovalx.beget.tech][info] Restored file: /home/k/komnovalx/horeca.komnovalx.beget.tech/public_html/wp-content/uploads/wio_backup/2022/08/CAPTAIN-NEMO-HoReCa_pages-to-jpg-0006.jpg.
02-08-2022 12:14:44 [horeca.komnovalx.beget.tech][info] Restored file: /home/k/komnovalx/horeca.komnovalx.beget.tech/public_html/wp-content/uploads/wio_backup/2022/08/CAPTAIN-NEMO-HoReCa_pages-to-jpg-0006-150x150.jpg.
02-08-2022 12:14:44 [horeca.komnovalx.beget.tech][info] Restored file: /home/k/komnovalx/horeca.komnovalx.beget.tech/public_html/wp-content/uploads/wio_backup/2022/08/CAPTAIN-NEMO-HoReCa_pages-to-jpg-0006-300x169.jpg.
02-08-2022 12:14:44 [horeca.komnovalx.beget.tech][debug] Deleted queue item #9
02-08-2022 12:14:44 [horeca.komnovalx.beget.tech][info] Preparing to upload a file (/home/k/komnovalx/horeca.komnovalx.beget.tech/public_html/wp-content/uploads/2022/08/CAPTAIN-NEMO-HoReCa_pages-to-jpg-0006.jpg) to a remote server (server_1).
02-08-2022 12:14:45 [horeca.komnovalx.beget.tech][info] File successfully uploaded to remote server (server_1).
02-08-2022 12:14:45 [horeca.komnovalx.beget.tech][info] Preparing to upload a file (/home/k/komnovalx/horeca.komnovalx.beget.tech/public_html/wp-content/uploads/2022/08/CAPTAIN-NEMO-HoReCa_pages-to-jpg-0006-150x150.jpg) to a remote server (server_1).
02-08-2022 12:14:45 [horeca.komnovalx.beget.tech][info] File successfully uploaded to remote server (server_1).
02-08-2022 12:14:45 [horeca.komnovalx.beget.tech][info] Preparing to upload a file (/home/k/komnovalx/horeca.komnovalx.beget.tech/public_html/wp-content/uploads/2022/08/CAPTAIN-NEMO-HoReCa_pages-to-jpg-0006-300x169.jpg) to a remote server (server_1).
02-08-2022 12:14:46 [horeca.komnovalx.beget.tech][info] File successfully uploaded to remote server (server_1).
02-08-2022 12:14:46 [horeca.komnovalx.beget.tech][debug] New queue created #24, attributes values: {&quot;server_id&quot;:null,&quot;object_id&quot;:29,&quot;object_name&quot;:&quot;&quot;,&quot;item_type&quot;:&quot;attachment&quot;,&quot;item_hash&quot;:null,&quot;item_hash_alternative&quot;:null,&quot;result_status&quot;:&quot;success&quot;,&quot;processing_level&quot;:&quot;normal&quot;,&quot;is_backed_up&quot;:true,&quot;original_size&quot;:377176,&quot;final_size&quot;:377176,&quot;original_mime_type&quot;:&quot;image\/jpeg&quot;,&quot;final_mime_type&quot;:&quot;image\/jpeg&quot;,&quot;extra_data&quot;:&quot;{\&quot;thumbnails_count\&quot;:2,\&quot;original_main_size\&quot;:361281,\&quot;class\&quot;:\&quot;RIO_Attachment_Extra_Data\&quot;}&quot;,&quot;created_at&quot;:1659431686}
02-08-2022 12:14:46 [horeca.komnovalx.beget.tech][info] END auto optimize cron job. Attachment: 29
02-08-2022 12:14:46 [horeca.komnovalx.beget.tech][info] START auto optimize cron job. Attachment: 28
02-08-2022 12:14:46 [horeca.komnovalx.beget.tech][info] Restored file: /home/k/komnovalx/horeca.komnovalx.beget.tech/public_html/wp-content/uploads/wio_backup/2022/08/CAPTAIN-NEMO-HoReCa_pages-to-jpg-0005.jpg.
02-08-2022 12:14:47 [horeca.komnovalx.beget.tech][info] Restored file: /home/k/komnovalx/horeca.komnovalx.beget.tech/public_html/wp-content/uploads/wio_backup/2022/08/CAPTAIN-NEMO-HoReCa_pages-to-jpg-0005-150x150.jpg.
02-08-2022 12:14:47 [horeca.komnovalx.beget.tech][info] Restored file: /home/k/komnovalx/horeca.komnovalx.beget.tech/public_html/wp-content/uploads/wio_backup/2022/08/CAPTAIN-NEMO-HoReCa_pages-to-jpg-0005-300x169.jpg.
02-08-2022 12:14:47 [horeca.komnovalx.beget.tech][debug] Deleted queue item #8
02-08-2022 12:14:47 [horeca.komnovalx.beget.tech][info] Preparing to upload a file (/home/k/komnovalx/horeca.komnovalx.beget.tech/public_html/wp-content/uploads/2022/08/CAPTAIN-NEMO-HoReCa_pages-to-jpg-0005.jpg) to a remote server (server_1).
02-08-2022 12:14:48 [horeca.komnovalx.beget.tech][info] File successfully uploaded to remote server (server_1).
02-08-2022 12:14:48 [horeca.komnovalx.beget.tech][info] Preparing to upload a file (/home/k/komnovalx/horeca.komnovalx.beget.tech/public_html/wp-content/uploads/2022/08/CAPTAIN-NEMO-HoReCa_pages-to-jpg-0005-150x150.jpg) to a remote server (server_1).
02-08-2022 12:14:48 [horeca.komnovalx.beget.tech][info] File successfully uploaded to remote server (server_1).
02-08-2022 12:14:49 [horeca.komnovalx.beget.tech][info] Preparing to upload a file (/home/k/komnovalx/horeca.komnovalx.beget.tech/public_html/wp-content/uploads/2022/08/CAPTAIN-NEMO-HoReCa_pages-to-jpg-0005-300x169.jpg) to a remote server (server_1).
02-08-2022 12:14:49 [horeca.komnovalx.beget.tech][info] File successfully uploaded to remote server (server_1).
02-08-2022 12:14:50 [horeca.komnovalx.beget.tech][debug] New queue created #25, attributes values: {&quot;server_id&quot;:null,&quot;object_id&quot;:28,&quot;object_name&quot;:&quot;&quot;,&quot;item_type&quot;:&quot;attachment&quot;,&quot;item_hash&quot;:null,&quot;item_hash_alternative&quot;:null,&quot;result_status&quot;:&quot;success&quot;,&quot;processing_level&quot;:&quot;normal&quot;,&quot;is_backed_up&quot;:true,&quot;original_size&quot;:560481,&quot;final_size&quot;:560385,&quot;original_mime_type&quot;:&quot;image\/jpeg&quot;,&quot;final_mime_type&quot;:&quot;image\/jpeg&quot;,&quot;extra_data&quot;:&quot;{\&quot;thumbnails_count\&quot;:2,\&quot;original_main_size\&quot;:543018,\&quot;class\&quot;:\&quot;RIO_Attachment_Extra_Data\&quot;}&quot;,&quot;created_at&quot;:1659431690}
02-08-2022 12:14:50 [horeca.komnovalx.beget.tech][info] END auto optimize cron job. Attachment: 28
02-08-2022 12:14:50 [horeca.komnovalx.beget.tech][info] START auto optimize cron job. Attachment: 27
02-08-2022 12:14:50 [horeca.komnovalx.beget.tech][info] Restored file: /home/k/komnovalx/horeca.komnovalx.beget.tech/public_html/wp-content/uploads/wio_backup/2022/08/CAPTAIN-NEMO-HoReCa_pages-to-jpg-0004.jpg.
02-08-2022 12:14:50 [horeca.komnovalx.beget.tech][info] Restored file: /home/k/komnovalx/horeca.komnovalx.beget.tech/public_html/wp-content/uploads/wio_backup/2022/08/CAPTAIN-NEMO-HoReCa_pages-to-jpg-0004-150x150.jpg.
02-08-2022 12:14:50 [horeca.komnovalx.beget.tech][info] Restored file: /home/k/komnovalx/horeca.komnovalx.beget.tech/public_html/wp-content/uploads/wio_backup/2022/08/CAPTAIN-NEMO-HoReCa_pages-to-jpg-0004-300x169.jpg.
02-08-2022 12:14:50 [horeca.komnovalx.beget.tech][debug] Deleted queue item #7
02-08-2022 12:14:50 [horeca.komnovalx.beget.tech][info] Preparing to upload a file (/home/k/komnovalx/horeca.komnovalx.beget.tech/public_html/wp-content/uploads/2022/08/CAPTAIN-NEMO-HoReCa_pages-to-jpg-0004.jpg) to a remote server (server_1).
02-08-2022 12:14:55 [horeca.komnovalx.beget.tech][info] File successfully uploaded to remote server (server_1).
02-08-2022 12:14:55 [horeca.komnovalx.beget.tech][info] Preparing to upload a file (/home/k/komnovalx/horeca.komnovalx.beget.tech/public_html/wp-content/uploads/2022/08/CAPTAIN-NEMO-HoReCa_pages-to-jpg-0004-150x150.jpg) to a remote server (server_1).
02-08-2022 12:14:56 [horeca.komnovalx.beget.tech][info] File successfully uploaded to remote server (server_1).
02-08-2022 12:14:56 [horeca.komnovalx.beget.tech][info] Preparing to upload a file (/home/k/komnovalx/horeca.komnovalx.beget.tech/public_html/wp-content/uploads/2022/08/CAPTAIN-NEMO-HoReCa_pages-to-jpg-0004-300x169.jpg) to a remote server (server_1).
02-08-2022 12:14:57 [horeca.komnovalx.beget.tech][info] File successfully uploaded to remote server (server_1).
02-08-2022 12:14:57 [horeca.komnovalx.beget.tech][debug] New queue created #26, attributes values: {&quot;server_id&quot;:null,&quot;object_id&quot;:27,&quot;object_name&quot;:&quot;&quot;,&quot;item_type&quot;:&quot;attachment&quot;,&quot;item_hash&quot;:null,&quot;item_hash_alternative&quot;:null,&quot;result_status&quot;:&quot;success&quot;,&quot;processing_level&quot;:&quot;normal&quot;,&quot;is_backed_up&quot;:true,&quot;original_size&quot;:725464,&quot;final_size&quot;:725280,&quot;original_mime_type&quot;:&quot;image\/jpeg&quot;,&quot;final_mime_type&quot;:&quot;image\/jpeg&quot;,&quot;extra_data&quot;:&quot;{\&quot;thumbnails_count\&quot;:2,\&quot;original_main_size\&quot;:707385,\&quot;class\&quot;:\&quot;RIO_Attachment_Extra_Data\&quot;}&quot;,&quot;created_at&quot;:1659431697}
02-08-2022 12:14:57 [horeca.komnovalx.beget.tech][info] END auto optimize cron job. Attachment: 27
02-08-2022 12:14:57 [horeca.komnovalx.beget.tech][info] START auto optimize cron job. Attachment: 26
02-08-2022 12:14:57 [horeca.komnovalx.beget.tech][info] Restored file: /home/k/komnovalx/horeca.komnovalx.beget.tech/public_html/wp-content/uploads/wio_backup/2022/08/CAPTAIN-NEMO-HoReCa_pages-to-jpg-0003.jpg.
02-08-2022 12:14:57 [horeca.komnovalx.beget.tech][info] Restored file: /home/k/komnovalx/horeca.komnovalx.beget.tech/public_html/wp-content/uploads/wio_backup/2022/08/CAPTAIN-NEMO-HoReCa_pages-to-jpg-0003-150x150.jpg.
02-08-2022 12:14:57 [horeca.komnovalx.beget.tech][info] Restored file: /home/k/komnovalx/horeca.komnovalx.beget.tech/public_html/wp-content/uploads/wio_backup/2022/08/CAPTAIN-NEMO-HoReCa_pages-to-jpg-0003-300x169.jpg.
02-08-2022 12:14:57 [horeca.komnovalx.beget.tech][debug] Deleted queue item #6
02-08-2022 12:14:57 [horeca.komnovalx.beget.tech][info] Preparing to upload a file (/home/k/komnovalx/horeca.komnovalx.beget.tech/public_html/wp-content/uploads/2022/08/CAPTAIN-NEMO-HoReCa_pages-to-jpg-0003.jpg) to a remote server (server_1).
02-08-2022 12:15:03 [horeca.komnovalx.beget.tech][info] File successfully uploaded to remote server (server_1).
02-08-2022 12:15:04 [horeca.komnovalx.beget.tech][info] Preparing to upload a file (/home/k/komnovalx/horeca.komnovalx.beget.tech/public_html/wp-content/uploads/2022/08/CAPTAIN-NEMO-HoReCa_pages-to-jpg-0003-150x150.jpg) to a remote server (server_1).
02-08-2022 12:15:05 [horeca.komnovalx.beget.tech][info] File successfully uploaded to remote server (server_1).
02-08-2022 12:15:05 [horeca.komnovalx.beget.tech][info] Preparing to upload a file (/home/k/komnovalx/horeca.komnovalx.beget.tech/public_html/wp-content/uploads/2022/08/CAPTAIN-NEMO-HoReCa_pages-to-jpg-0003-300x169.jpg) to a remote server (server_1).
02-08-2022 12:15:05 [horeca.komnovalx.beget.tech][info] File successfully uploaded to remote server (server_1).
02-08-2022 12:15:05 [horeca.komnovalx.beget.tech][debug] New queue created #27, attributes values: {&quot;server_id&quot;:null,&quot;object_id&quot;:26,&quot;object_name&quot;:&quot;&quot;,&quot;item_type&quot;:&quot;attachment&quot;,&quot;item_hash&quot;:null,&quot;item_hash_alternative&quot;:null,&quot;result_status&quot;:&quot;success&quot;,&quot;processing_level&quot;:&quot;normal&quot;,&quot;is_backed_up&quot;:true,&quot;original_size&quot;:564000,&quot;final_size&quot;:563965,&quot;original_mime_type&quot;:&quot;image\/jpeg&quot;,&quot;final_mime_type&quot;:&quot;image\/jpeg&quot;,&quot;extra_data&quot;:&quot;{\&quot;thumbnails_count\&quot;:2,\&quot;original_main_size\&quot;:547453,\&quot;class\&quot;:\&quot;RIO_Attachment_Extra_Data\&quot;}&quot;,&quot;created_at&quot;:1659431705}
02-08-2022 12:15:05 [horeca.komnovalx.beget.tech][info] END auto optimize cron job. Attachment: 26
02-08-2022 12:15:05 [horeca.komnovalx.beget.tech][info] START auto optimize cron job. Attachment: 25
02-08-2022 12:15:05 [horeca.komnovalx.beget.tech][info] Restored file: /home/k/komnovalx/horeca.komnovalx.beget.tech/public_html/wp-content/uploads/wio_backup/2022/08/CAPTAIN-NEMO-HoReCa_pages-to-jpg-0002.jpg.
02-08-2022 12:15:05 [horeca.komnovalx.beget.tech][info] Restored file: /home/k/komnovalx/horeca.komnovalx.beget.tech/public_html/wp-content/uploads/wio_backup/2022/08/CAPTAIN-NEMO-HoReCa_pages-to-jpg-0002-150x150.jpg.
02-08-2022 12:15:05 [horeca.komnovalx.beget.tech][info] Restored file: /home/k/komnovalx/horeca.komnovalx.beget.tech/public_html/wp-content/uploads/wio_backup/2022/08/CAPTAIN-NEMO-HoReCa_pages-to-jpg-0002-300x169.jpg.
02-08-2022 12:15:05 [horeca.komnovalx.beget.tech][debug] Deleted queue item #5
02-08-2022 12:15:05 [horeca.komnovalx.beget.tech][info] Preparing to upload a file (/home/k/komnovalx/horeca.komnovalx.beget.tech/public_html/wp-content/uploads/2022/08/CAPTAIN-NEMO-HoReCa_pages-to-jpg-0002.jpg) to a remote server (server_1).
02-08-2022 12:15:07 [horeca.komnovalx.beget.tech][info] File successfully uploaded to remote server (server_1).
02-08-2022 12:15:07 [horeca.komnovalx.beget.tech][info] Preparing to upload a file (/home/k/komnovalx/horeca.komnovalx.beget.tech/public_html/wp-content/uploads/2022/08/CAPTAIN-NEMO-HoReCa_pages-to-jpg-0002-150x150.jpg) to a remote server (server_1).
02-08-2022 12:15:08 [horeca.komnovalx.beget.tech][info] File successfully uploaded to remote server (server_1).
02-08-2022 12:15:08 [horeca.komnovalx.beget.tech][info] Preparing to upload a file (/home/k/komnovalx/horeca.komnovalx.beget.tech/public_html/wp-content/uploads/2022/08/CAPTAIN-NEMO-HoReCa_pages-to-jpg-0002-300x169.jpg) to a remote server (server_1).
02-08-2022 12:15:09 [horeca.komnovalx.beget.tech][info] File successfully uploaded to remote server (server_1).
02-08-2022 12:15:09 [horeca.komnovalx.beget.tech][debug] New queue created #28, attributes values: {&quot;server_id&quot;:null,&quot;object_id&quot;:25,&quot;object_name&quot;:&quot;&quot;,&quot;item_type&quot;:&quot;attachment&quot;,&quot;item_hash&quot;:null,&quot;item_hash_alternative&quot;:null,&quot;result_status&quot;:&quot;success&quot;,&quot;processing_level&quot;:&quot;normal&quot;,&quot;is_backed_up&quot;:true,&quot;original_size&quot;:493439,&quot;final_size&quot;:493439,&quot;original_mime_type&quot;:&quot;image\/jpeg&quot;,&quot;final_mime_type&quot;:&quot;image\/jpeg&quot;,&quot;extra_data&quot;:&quot;{\&quot;thumbnails_count\&quot;:2,\&quot;original_main_size\&quot;:479837,\&quot;class\&quot;:\&quot;RIO_Attachment_Extra_Data\&quot;}&quot;,&quot;created_at&quot;:1659431709}
02-08-2022 12:15:09 [horeca.komnovalx.beget.tech][info] END auto optimize cron job. Attachment: 25
02-08-2022 12:15:09 [horeca.komnovalx.beget.tech][info] START auto optimize cron job. Attachment: 24
02-08-2022 12:15:09 [horeca.komnovalx.beget.tech][info] Restored file: /home/k/komnovalx/horeca.komnovalx.beget.tech/public_html/wp-content/uploads/wio_backup/2022/08/CAPTAIN-NEMO-HoReCa_pages-to-jpg-0001.jpg.
02-08-2022 12:15:09 [horeca.komnovalx.beget.tech][info] Restored file: /home/k/komnovalx/horeca.komnovalx.beget.tech/public_html/wp-content/uploads/wio_backup/2022/08/CAPTAIN-NEMO-HoReCa_pages-to-jpg-0001-150x150.jpg.
02-08-2022 12:15:09 [horeca.komnovalx.beget.tech][info] Restored file: /home/k/komnovalx/horeca.komnovalx.beget.tech/public_html/wp-content/uploads/wio_backup/2022/08/CAPTAIN-NEMO-HoReCa_pages-to-jpg-0001-300x169.jpg.
02-08-2022 12:15:09 [horeca.komnovalx.beget.tech][debug] Deleted queue item #4
02-08-2022 12:15:09 [horeca.komnovalx.beget.tech][info] Preparing to upload a file (/home/k/komnovalx/horeca.komnovalx.beget.tech/public_html/wp-content/uploads/2022/08/CAPTAIN-NEMO-HoReCa_pages-to-jpg-0001.jpg) to a remote server (server_1).
02-08-2022 12:15:15 [horeca.komnovalx.beget.tech][info] File successfully uploaded to remote server (server_1).
02-08-2022 12:15:16 [horeca.komnovalx.beget.tech][info] Preparing to upload a file (/home/k/komnovalx/horeca.komnovalx.beget.tech/public_html/wp-content/uploads/2022/08/CAPTAIN-NEMO-HoReCa_pages-to-jpg-0001-150x150.jpg) to a remote server (server_1).
02-08-2022 12:15:16 [horeca.komnovalx.beget.tech][info] File successfully uploaded to remote server (server_1).
02-08-2022 12:15:17 [horeca.komnovalx.beget.tech][info] Preparing to upload a file (/home/k/komnovalx/horeca.komnovalx.beget.tech/public_html/wp-content/uploads/2022/08/CAPTAIN-NEMO-HoReCa_pages-to-jpg-0001-300x169.jpg) to a remote server (server_1).
02-08-2022 12:15:17 [horeca.komnovalx.beget.tech][info] File successfully uploaded to remote server (server_1).
02-08-2022 12:15:18 [horeca.komnovalx.beget.tech][debug] New queue created #29, attributes values: {&quot;server_id&quot;:null,&quot;object_id&quot;:24,&quot;object_name&quot;:&quot;&quot;,&quot;item_type&quot;:&quot;attachment&quot;,&quot;item_hash&quot;:null,&quot;item_hash_alternative&quot;:null,&quot;result_status&quot;:&quot;success&quot;,&quot;processing_level&quot;:&quot;normal&quot;,&quot;is_backed_up&quot;:true,&quot;original_size&quot;:455613,&quot;final_size&quot;:455545,&quot;original_mime_type&quot;:&quot;image\/jpeg&quot;,&quot;final_mime_type&quot;:&quot;image\/jpeg&quot;,&quot;extra_data&quot;:&quot;{\&quot;thumbnails_count\&quot;:2,\&quot;original_main_size\&quot;:438558,\&quot;class\&quot;:\&quot;RIO_Attachment_Extra_Data\&quot;}&quot;,&quot;created_at&quot;:1659431718}
02-08-2022 12:15:18 [horeca.komnovalx.beget.tech][info] END auto optimize cron job. Attachment: 24
02-08-2022 12:15:18 [horeca.komnovalx.beget.tech][info] START auto optimize cron job. Attachment: 8
02-08-2022 12:15:18 [horeca.komnovalx.beget.tech][info] Restored file: /home/k/komnovalx/horeca.komnovalx.beget.tech/public_html/wp-content/uploads/wio_backup/2022/08/cropped-HORECA-LOGO.png.
02-08-2022 12:15:18 [horeca.komnovalx.beget.tech][info] Restored file: /home/k/komnovalx/horeca.komnovalx.beget.tech/public_html/wp-content/uploads/wio_backup/2022/08/cropped-HORECA-LOGO-150x22.png.
02-08-2022 12:15:18 [horeca.komnovalx.beget.tech][debug] Deleted queue item #2
02-08-2022 12:15:18 [horeca.komnovalx.beget.tech][info] Preparing to upload a file (/home/k/komnovalx/horeca.komnovalx.beget.tech/public_html/wp-content/uploads/2022/08/cropped-HORECA-LOGO.png) to a remote server (server_1).
02-08-2022 12:15:18 [horeca.komnovalx.beget.tech][info] File successfully uploaded to remote server (server_1).
02-08-2022 12:15:18 [horeca.komnovalx.beget.tech][info] Preparing to upload a file (/home/k/komnovalx/horeca.komnovalx.beget.tech/public_html/wp-content/uploads/2022/08/cropped-HORECA-LOGO-150x22.png) to a remote server (server_1).
02-08-2022 12:15:19 [horeca.komnovalx.beget.tech][info] File successfully uploaded to remote server (server_1).
02-08-2022 12:15:19 [horeca.komnovalx.beget.tech][debug] New queue created #30, attributes values: {&quot;server_id&quot;:null,&quot;object_id&quot;:8,&quot;object_name&quot;:&quot;&quot;,&quot;item_type&quot;:&quot;attachment&quot;,&quot;item_hash&quot;:null,&quot;item_hash_alternative&quot;:null,&quot;result_status&quot;:&quot;success&quot;,&quot;processing_level&quot;:&quot;normal&quot;,&quot;is_backed_up&quot;:true,&quot;original_size&quot;:2330,&quot;final_size&quot;:2014,&quot;original_mime_type&quot;:&quot;image\/png&quot;,&quot;final_mime_type&quot;:&quot;image\/png&quot;,&quot;extra_data&quot;:&quot;{\&quot;thumbnails_count\&quot;:1,\&quot;original_main_size\&quot;:1310,\&quot;class\&quot;:\&quot;RIO_Attachment_Extra_Data\&quot;}&quot;,&quot;created_at&quot;:1659431719}
02-08-2022 12:15:19 [horeca.komnovalx.beget.tech][info] END auto optimize cron job. Attachment: 8
02-08-2022 12:15:19 [horeca.komnovalx.beget.tech][info] START auto optimize cron job. Attachment: 7
02-08-2022 12:15:19 [horeca.komnovalx.beget.tech][info] Restored file: /home/k/komnovalx/horeca.komnovalx.beget.tech/public_html/wp-content/uploads/wio_backup/2022/08/HORECA-LOGO.png.
02-08-2022 12:15:19 [horeca.komnovalx.beget.tech][info] Restored file: /home/k/komnovalx/horeca.komnovalx.beget.tech/public_html/wp-content/uploads/wio_backup/2022/08/HORECA-LOGO-150x22.png.
02-08-2022 12:15:19 [horeca.komnovalx.beget.tech][debug] Deleted queue item #1
02-08-2022 12:15:19 [horeca.komnovalx.beget.tech][info] Preparing to upload a file (/home/k/komnovalx/horeca.komnovalx.beget.tech/public_html/wp-content/uploads/2022/08/HORECA-LOGO.png) to a remote server (server_1).
02-08-2022 12:15:19 [horeca.komnovalx.beget.tech][info] File successfully uploaded to remote server (server_1).
02-08-2022 12:15:19 [horeca.komnovalx.beget.tech][info] Preparing to upload a file (/home/k/komnovalx/horeca.komnovalx.beget.tech/public_html/wp-content/uploads/2022/08/HORECA-LOGO-150x22.png) to a remote server (server_1).
02-08-2022 12:15:20 [horeca.komnovalx.beget.tech][info] File successfully uploaded to remote server (server_1).
02-08-2022 12:15:21 [horeca.komnovalx.beget.tech][debug] New queue created #31, attributes values: {&quot;server_id&quot;:null,&quot;object_id&quot;:7,&quot;object_name&quot;:&quot;&quot;,&quot;item_type&quot;:&quot;attachment&quot;,&quot;item_hash&quot;:null,&quot;item_hash_alternative&quot;:null,&quot;result_status&quot;:&quot;success&quot;,&quot;processing_level&quot;:&quot;normal&quot;,&quot;is_backed_up&quot;:true,&quot;original_size&quot;:2756,&quot;final_size&quot;:2064,&quot;original_mime_type&quot;:&quot;image\/png&quot;,&quot;final_mime_type&quot;:&quot;image\/png&quot;,&quot;extra_data&quot;:&quot;{\&quot;thumbnails_count\&quot;:1,\&quot;original_main_size\&quot;:1736,\&quot;class\&quot;:\&quot;RIO_Attachment_Extra_Data\&quot;}&quot;,&quot;created_at&quot;:1659431721}
02-08-2022 12:15:21 [horeca.komnovalx.beget.tech][info] END auto optimize cron job. Attachment: 7
-------------------------------
02-08-2022 15:00:51 [horeca.komnovalx.beget.tech][info] START auto optimize cron job. Attachment: 24
02-08-2022 15:00:51 [horeca.komnovalx.beget.tech][info] Restored file: /home/k/komnovalx/horeca.komnovalx.beget.tech/public_html/wp-content/uploads/wio_backup/2022/08/CAPTAIN-NEMO-HoReCa_pages-to-jpg-0001.jpg.
02-08-2022 15:00:51 [horeca.komnovalx.beget.tech][info] Restored file: /home/k/komnovalx/horeca.komnovalx.beget.tech/public_html/wp-content/uploads/wio_backup/2022/08/CAPTAIN-NEMO-HoReCa_pages-to-jpg-0001-150x150.jpg.
02-08-2022 15:00:51 [horeca.komnovalx.beget.tech][info] Restored file: /home/k/komnovalx/horeca.komnovalx.beget.tech/public_html/wp-content/uploads/wio_backup/2022/08/CAPTAIN-NEMO-HoReCa_pages-to-jpg-0001-300x169.jpg.
02-08-2022 15:00:51 [horeca.komnovalx.beget.tech][debug] Deleted queue item #29
02-08-2022 15:00:51 [horeca.komnovalx.beget.tech][info] Preparing to upload a file (/home/k/komnovalx/horeca.komnovalx.beget.tech/public_html/wp-content/uploads/2022/08/CAPTAIN-NEMO-HoReCa_pages-to-jpg-0001.jpg) to a remote server (server_1).
02-08-2022 15:01:00 [horeca.komnovalx.beget.tech][info] File successfully uploaded to remote server (server_1).
02-08-2022 15:01:04 [horeca.komnovalx.beget.tech][info] Preparing to upload a file (/home/k/komnovalx/horeca.komnovalx.beget.tech/public_html/wp-content/uploads/2022/08/CAPTAIN-NEMO-HoReCa_pages-to-jpg-0001-150x150.jpg) to a remote server (server_1).
02-08-2022 15:01:04 [horeca.komnovalx.beget.tech][info] File successfully uploaded to remote server (server_1).
02-08-2022 15:01:04 [horeca.komnovalx.beget.tech][info] Preparing to upload a file (/home/k/komnovalx/horeca.komnovalx.beget.tech/public_html/wp-content/uploads/2022/08/CAPTAIN-NEMO-HoReCa_pages-to-jpg-0001-300x169.jpg) to a remote server (server_1).
02-08-2022 15:01:07 [horeca.komnovalx.beget.tech][info] File successfully uploaded to remote server (server_1).
02-08-2022 15:01:09 [horeca.komnovalx.beget.tech][debug] New queue created #32, attributes values: {&quot;server_id&quot;:null,&quot;object_id&quot;:&quot;24&quot;,&quot;object_name&quot;:&quot;&quot;,&quot;item_type&quot;:&quot;attachment&quot;,&quot;item_hash&quot;:null,&quot;item_hash_alternative&quot;:null,&quot;result_status&quot;:&quot;success&quot;,&quot;processing_level&quot;:&quot;normal&quot;,&quot;is_backed_up&quot;:true,&quot;original_size&quot;:455613,&quot;final_size&quot;:455545,&quot;original_mime_type&quot;:&quot;image\/jpeg&quot;,&quot;final_mime_type&quot;:&quot;image\/jpeg&quot;,&quot;extra_data&quot;:&quot;{\&quot;thumbnails_count\&quot;:2,\&quot;original_main_size\&quot;:438558,\&quot;class\&quot;:\&quot;RIO_Attachment_Extra_Data\&quot;}&quot;,&quot;created_at&quot;:1659441669}
02-08-2022 15:01:09 [horeca.komnovalx.beget.tech][info] END auto optimize cron job. Attachment: 24
-------------------------------
03-08-2022 13:16:57 [horeca.komnovalx.beget.tech][info] START auto optimize cron job. Attachment: 83
03-08-2022 13:16:57 [horeca.komnovalx.beget.tech][warning] This format is disabled in the plugin settings: image/webp
03-08-2022 13:16:57 [horeca.komnovalx.beget.tech][info] END auto optimize cron job. Attachment: 83
-------------------------------
03-08-2022 13:19:57 [horeca.komnovalx.beget.tech][info] START auto optimize cron job. Attachment: 84
03-08-2022 13:19:57 [horeca.komnovalx.beget.tech][warning] This format is disabled in the plugin settings: image/webp
03-08-2022 13:19:57 [horeca.komnovalx.beget.tech][info] END auto optimize cron job. Attachment: 84
03-08-2022 13:19:57 [horeca.komnovalx.beget.tech][info] START auto optimize cron job. Attachment: 85
03-08-2022 13:19:57 [horeca.komnovalx.beget.tech][warning] This format is disabled in the plugin settings: image/webp
03-08-2022 13:19:57 [horeca.komnovalx.beget.tech][info] END auto optimize cron job. Attachment: 85
03-08-2022 13:19:57 [horeca.komnovalx.beget.tech][info] START auto optimize cron job. Attachment: 86
03-08-2022 13:19:57 [horeca.komnovalx.beget.tech][warning] This format is disabled in the plugin settings: image/webp
03-08-2022 13:19:57 [horeca.komnovalx.beget.tech][info] END auto optimize cron job. Attachment: 86
03-08-2022 13:19:57 [horeca.komnovalx.beget.tech][info] START auto optimize cron job. Attachment: 87
03-08-2022 13:19:57 [horeca.komnovalx.beget.tech][warning] This format is disabled in the plugin settings: image/webp
03-08-2022 13:19:57 [horeca.komnovalx.beget.tech][info] END auto optimize cron job. Attachment: 87
-------------------------------
03-08-2022 13:19:59 [horeca.komnovalx.beget.tech][info] START auto optimize cron job. Attachment: 88
03-08-2022 13:19:59 [horeca.komnovalx.beget.tech][warning] This format is disabled in the plugin settings: image/webp
03-08-2022 13:19:59 [horeca.komnovalx.beget.tech][info] END auto optimize cron job. Attachment: 88
03-08-2022 13:19:59 [horeca.komnovalx.beget.tech][info] START auto optimize cron job. Attachment: 89
03-08-2022 13:19:59 [horeca.komnovalx.beget.tech][warning] This format is disabled in the plugin settings: image/webp
03-08-2022 13:19:59 [horeca.komnovalx.beget.tech][info] END auto optimize cron job. Attachment: 89
-------------------------------
03-08-2022 13:20:40 [horeca.komnovalx.beget.tech][info] START auto optimize cron job. Attachment: 90
03-08-2022 13:20:40 [horeca.komnovalx.beget.tech][warning] This format is disabled in the plugin settings: image/webp
03-08-2022 13:20:40 [horeca.komnovalx.beget.tech][info] END auto optimize cron job. Attachment: 90
-------------------------------
05-08-2022 13:41:46 [horeca.komnovalx.beget.tech][info] START auto optimize cron job. Attachment: 94
05-08-2022 13:41:46 [horeca.komnovalx.beget.tech][warning] This format is disabled in the plugin settings: image/webp
05-08-2022 13:41:46 [horeca.komnovalx.beget.tech][info] END auto optimize cron job. Attachment: 94
-------------------------------
05-08-2022 15:48:11 [horeca.komnovalx.beget.tech][info] START auto optimize cron job. Attachment: 97
05-08-2022 15:48:11 [horeca.komnovalx.beget.tech][info] Preparing to upload a file (/home/k/komnovalx/horeca.komnovalx.beget.tech/public_html/wp-content/uploads/2022/08/c17a8eb460d2c3a9a7432dd0df8215e0.png) to a remote server (server_1).
05-08-2022 15:48:14 [horeca.komnovalx.beget.tech][info] File successfully uploaded to remote server (server_1).
05-08-2022 15:48:14 [horeca.komnovalx.beget.tech][info] Preparing to upload a file (/home/k/komnovalx/horeca.komnovalx.beget.tech/public_html/wp-content/uploads/2022/08/c17a8eb460d2c3a9a7432dd0df8215e0-500x500.png) to a remote server (server_1).
05-08-2022 15:48:15 [horeca.komnovalx.beget.tech][info] File successfully uploaded to remote server (server_1).
05-08-2022 15:48:15 [horeca.komnovalx.beget.tech][info] Preparing to upload a file (/home/k/komnovalx/horeca.komnovalx.beget.tech/public_html/wp-content/uploads/2022/08/c17a8eb460d2c3a9a7432dd0df8215e0-900x556.png) to a remote server (server_1).
05-08-2022 15:48:18 [horeca.komnovalx.beget.tech][info] File successfully uploaded to remote server (server_1).
05-08-2022 15:48:18 [horeca.komnovalx.beget.tech][debug] New queue created #33, attributes values: {&quot;server_id&quot;:null,&quot;object_id&quot;:97,&quot;object_name&quot;:&quot;&quot;,&quot;item_type&quot;:&quot;attachment&quot;,&quot;item_hash&quot;:null,&quot;item_hash_alternative&quot;:null,&quot;result_status&quot;:&quot;success&quot;,&quot;processing_level&quot;:&quot;normal&quot;,&quot;is_backed_up&quot;:true,&quot;original_size&quot;:2292905,&quot;final_size&quot;:764779,&quot;original_mime_type&quot;:&quot;image\/png&quot;,&quot;final_mime_type&quot;:&quot;image\/png&quot;,&quot;extra_data&quot;:&quot;{\&quot;thumbnails_count\&quot;:2,\&quot;original_main_size\&quot;:991228,\&quot;class\&quot;:\&quot;RIO_Attachment_Extra_Data\&quot;}&quot;,&quot;created_at&quot;:1659703698}
05-08-2022 15:48:18 [horeca.komnovalx.beget.tech][info] END auto optimize cron job. Attachment: 97
-------------------------------